#-----------------------------------------------------------
# Vivado v2020.2 (64-bit)
# SW Build 3064766 on Wed Nov 18 09:12:45 MST 2020
# IP Build 3064653 on Wed Nov 18 14:17:31 MST 2020
# Start of session at: Mon May 22 14:35:27 2023
# Process ID: 9340
# Current directory: E:/ComputerOrnazation/lab4_4/CSSET
# Command line: vivado.exe -gui_launcher_event rodinguilauncherevent23692 E:\ComputerOrnazation\lab4_4\CSSET\CPU_test.xpr
# Log file: E:/ComputerOrnazation/lab4_4/CSSET/vivado.log
# Journal file: E:/ComputerOrnazation/lab4_4/CSSET\vivado.jou
#-----------------------------------------------------------
start_gui
open_project E:/ComputerOrnazation/lab4_4/CSSET/CPU_test.xpr
WARNING: [filemgmt 56-3] IP Repository Path: Could not find the directory 'E:/ComputerOrnazation/lab04'.
WARNING: [filemgmt 56-3] IP Repository Path: Could not find the directory 'E:/IP_yyf_all_right_reserved/LOGIC'.
WARNING: [filemgmt 56-3] IP Repository Path: Could not find the directory 'E:/lab01'.
WARNING: [filemgmt 56-3] IP Repository Path: Could not find the directory 'E:/IP_yyf_all_right_reserved/MUX'.
Scanning sources...
Finished scanning sources
INFO: [IP_Flow 19-234] Refreshing IP repositories
WARNING: [IP_Flow 19-2248] Failed to load user IP repository 'e:/ComputerOrnazation/lab04'; Can't find the specified path.
If this directory should no longer be in your list of user repositories, go to the IP Settings dialog and remove it.
WARNING: [IP_Flow 19-2248] Failed to load user IP repository 'e:/IP_yyf_all_right_reserved/LOGIC'; Can't find the specified path.
If this directory should no longer be in your list of user repositories, go to the IP Settings dialog and remove it.
WARNING: [IP_Flow 19-2248] Failed to load user IP repository 'e:/lab01'; Can't find the specified path.
If this directory should no longer be in your list of user repositories, go to the IP Settings dialog and remove it.
WARNING: [IP_Flow 19-2248] Failed to load user IP repository 'e:/IP_yyf_all_right_reserved/MUX'; Can't find the specified path.
If this directory should no longer be in your list of user repositories, go to the IP Settings dialog and remove it.
INFO: [IP_Flow 19-2313] Loaded Vivado IP repository 'E:/vivado/Vivado/2020.2/data/ip'.
update_compile_order -fileset sources_1
exit
INFO: [Common 17-206] Exiting Vivado at Mon May 22 14:35:50 2023...
_compile_order -fileset sources_1
reset_run synth_1
launch_runs impl_1 -to_step write_bitstream -jobs 8
INFO: [Vivado 12-4149] The synthesis checkpoint for IP 'E:/ComputerOrnazation/lab4_4/CSSET/CPU_test.srcs/sources_1/ip/RAM_B_0/RAM_B_0.xci' is already up-to-date
[Mon May 22 14:36:58 2023] Launched synth_1...
Run output will be captured here: E:/ComputerOrnazation/lab4_4/CSSET/CPU_test.runs/synth_1/runme.log
[Mon May 22 14:36:58 2023] Launched impl_1...
Run output will be captured here: E:/ComputerOrnazation/lab4_4/CSSET/CPU_test.runs/impl_1/runme.log
open_run impl_1
INFO: [Device 21-403] Loading part xc7k160tffg676-2L
Netlist sorting complete. Time (s): cpu = 00:00:00 ; elapsed = 00:00:00.061 . Memory (MB): peak = 1382.980 ; gain = 0.000
INFO: [Netlist 29-17] Analyzing 1124 Unisim elements for replacement
INFO: [Netlist 29-28] Unisim Transformation completed in 0 CPU seconds
INFO: [Project 1-479] Netlist was created with Vivado 2020.2
INFO: [Project 1-570] Preparing netlist for logic optimization
INFO: [Timing 38-478] Restoring timing data from binary archive.
INFO: [Timing 38-479] Binary timing data restore complete.
INFO: [Project 1-856] Restoring constraints from binary archive.
INFO: [Project 1-853] Binary constraint restore complete.
Reading XDEF placement.
Reading placer database...
Reading XDEF routing.
Read XDEF File: Time (s): cpu = 00:00:01 ; elapsed = 00:00:00.481 . Memory (MB): peak = 2079.652 ; gain = 0.000
Restored from archive | CPU: 1.000000 secs | Memory: 0.000000 MB |
Finished XDEF File Restore: Time (s): cpu = 00:00:01 ; elapsed = 00:00:00.481 . Memory (MB): peak = 2079.652 ; gain = 0.000
Netlist sorting complete. Time (s): cpu = 00:00:00 ; elapsed = 00:00:00.001 . Memory (MB): peak = 2079.652 ; gain = 0.000
INFO: [Project 1-111] Unisim Transformation Summary:
  A total of 192 instances were transformed.
  RAM64M => RAM64M (RAMD64E(x4)): 128 instances
  RAM64X1D => RAM64X1D (RAMD64E(x2)): 64 instances

open_run: Time (s): cpu = 00:00:26 ; elapsed = 00:00:19 . Memory (MB): peak = 2281.223 ; gain = 1168.984
WARNING: [Timing 38-313] There are no user specified timing constraints. Timing constraints are needed for proper timing analysis.
exit
INFO: [Common 17-206] Exiting Vivado at Mon May 22 14:40:00 2023...
