#-----------------------------------------------------------
# Vivado v2020.2 (64-bit)
# SW Build 3064766 on Wed Nov 18 09:12:45 MST 2020
# IP Build 3064653 on Wed Nov 18 14:17:31 MST 2020
# Start of session at: Wed Mar  8 11:04:29 2023
# Process ID: 28228
# Current directory: E:/ComputerOrnazation/lab1/Regs
# Command line: vivado.exe -gui_launcher_event rodinguilauncherevent13284 E:\ComputerOrnazation\lab1\Regs\Regs.xpr
# Log file: E:/ComputerOrnazation/lab1/Regs/vivado.log
# Journal file: E:/ComputerOrnazation/lab1/Regs\vivado.jou
#-----------------------------------------------------------
start_gui
open_project E:/ComputerOrnazation/lab1/Regs/Regs.xpr
WARNING: [filemgmt 56-3] Default IP Output Path : Could not find the directory 'E:/ComputerOrnazation/lab1/Regs/Regs.gen/sources_1'.
Scanning sources...
Finished scanning sources
INFO: [IP_Flow 19-234] Refreshing IP repositories
INFO: [IP_Flow 19-1704] No user IP repositories specified
INFO: [IP_Flow 19-2313] Loaded Vivado IP repository 'E:/vivado/Vivado/2020.2/data/ip'.
open_project: Time (s): cpu = 00:00:18 ; elapsed = 00:00:08 . Memory (MB): peak = 1110.059 ; gain = 0.000
update_compile_order -fileset sources_1
ipx::package_project -root_dir E:/ComputerOrnazation/IP/Regs -vendor xilinx.com -library user -taxonomy /UserIP -import_files -set_current false
INFO: [IP_Flow 19-5107] Inferred bus interface 'rst' of definition 'xilinx.com:signal:reset:1.0' (from Xilinx Repository).
INFO: [IP_Flow 19-5107] Inferred bus interface 'clk' of definition 'xilinx.com:signal:clock:1.0' (from Xilinx Repository).
INFO: [IP_Flow 19-4728] Bus Interface 'clk': Added interface parameter 'ASSOCIATED_RESET' with value 'rst'.
WARNING: [IP_Flow 19-5661] Bus Interface 'clk' does not have any bus interfaces associated with it.
INFO: [IP_Flow 19-2181] Payment Required is not set for this core.
INFO: [IP_Flow 19-2187] The Product Guide file is missing.
ipx::unload_core e:/ComputerOrnazation/IP/Regs/component.xml
ipx::edit_ip_in_project -upgrade true -name tmp_edit_project -directory E:/ComputerOrnazation/IP/Regs e:/ComputerOrnazation/IP/Regs/component.xml
INFO: [IP_Flow 19-234] Refreshing IP repositories
INFO: [IP_Flow 19-1704] No user IP repositories specified
INFO: [IP_Flow 19-2313] Loaded Vivado IP repository 'E:/vivado/Vivado/2020.2/data/ip'.
create_project: Time (s): cpu = 00:00:14 ; elapsed = 00:00:07 . Memory (MB): peak = 1110.059 ; gain = 0.000
INFO: [IP_Flow 19-795] Syncing license key meta-data
ipx::edit_ip_in_project: Time (s): cpu = 00:00:19 ; elapsed = 00:00:09 . Memory (MB): peak = 1110.059 ; gain = 0.000
current_project Regs
close_project
ipx::add_bus_parameter ASSOCIATED_BUSIF [ipx::get_bus_interfaces clk -of_objects [ipx::current_core]]
ipx::add_bus_parameter POLARITY [ipx::get_bus_interfaces rst -of_objects [ipx::current_core]]
ipx::update_ip_instances -delete_project true
ERROR: [Common 17-53] User Exception: No open project. Please create or open a project before executing this command.
exit
INFO: [Common 17-206] Exiting Vivado at Wed Mar  8 11:14:31 2023...
