#-----------------------------------------------------------
# Vivado v2020.2 (64-bit)
# SW Build 3064766 on Wed Nov 18 09:12:45 MST 2020
# IP Build 3064653 on Wed Nov 18 14:17:31 MST 2020
# Start of session at: Sat Mar 18 09:37:12 2023
# Process ID: 21308
# Current directory: E:/ComputerOrnazation/lab3/mul32
# Command line: vivado.exe -gui_launcher_event rodinguilauncherevent11200 E:\ComputerOrnazation\lab3\mul32\mul32.xpr
# Log file: E:/ComputerOrnazation/lab3/mul32/vivado.log
# Journal file: E:/ComputerOrnazation/lab3/mul32\vivado.jou
#-----------------------------------------------------------
start_gui
open_project E:/ComputerOrnazation/lab3/mul32/mul32.xpr
WARNING: [filemgmt 56-3] Default IP Output Path : Could not find the directory 'E:/ComputerOrnazation/lab3/mul32/mul32.gen/sources_1'.
Scanning sources...
Finished scanning sources
INFO: [IP_Flow 19-234] Refreshing IP repositories
INFO: [IP_Flow 19-1704] No user IP repositories specified
INFO: [IP_Flow 19-2313] Loaded Vivado IP repository 'E:/vivado/Vivado/2020.2/data/ip'.
exit
INFO: [Common 17-206] Exiting Vivado at Sat Mar 18 09:37:27 2023...
