#-----------------------------------------------------------
# Vivado v2020.2 (64-bit)
# SW Build 3064766 on Wed Nov 18 09:12:45 MST 2020
# IP Build 3064653 on Wed Nov 18 14:17:31 MST 2020
# Start of session at: Mon Mar  6 08:09:51 2023
# Process ID: 9792
# Current directory: E:/ComputerOrnazation/lab0/ALU
# Command line: vivado.exe -gui_launcher_event rodinguilauncherevent24764 E:\ComputerOrnazation\lab0\ALU\ALU.xpr
# Log file: E:/ComputerOrnazation/lab0/ALU/vivado.log
# Journal file: E:/ComputerOrnazation/lab0/ALU\vivado.jou
#-----------------------------------------------------------
start_gui
open_project E:/ComputerOrnazation/lab0/ALU/ALU.xpr
WARNING: [filemgmt 56-3] Default IP Output Path : Could not find the directory 'E:/ComputerOrnazation/lab0/ALU/ALU.gen/sources_1'.
Scanning sources...
Finished scanning sources
INFO: [IP_Flow 19-234] Refreshing IP repositories
INFO: [IP_Flow 19-1704] No user IP repositories specified
INFO: [IP_Flow 19-2313] Loaded Vivado IP repository 'E:/vivado/Vivado/2020.2/data/ip'.
update_compile_order -fileset sources_1
exit
INFO: [Common 17-206] Exiting Vivado at Mon Mar  6 08:11:24 2023...
