#-----------------------------------------------------------
# Vivado v2020.2 (64-bit)
# SW Build 3064766 on Wed Nov 18 09:12:45 MST 2020
# IP Build 3064653 on Wed Nov 18 14:17:31 MST 2020
# Start of session at: Wed Mar  8 14:01:08 2023
# Process ID: 28916
# Current directory: E:/ComputerOrnazation/lab1/FSM
# Command line: vivado.exe -gui_launcher_event rodinguilauncherevent29692 E:\ComputerOrnazation\lab1\FSM\FSM.xpr
# Log file: E:/ComputerOrnazation/lab1/FSM/vivado.log
# Journal file: E:/ComputerOrnazation/lab1/FSM\vivado.jou
#-----------------------------------------------------------
start_gui
open_project E:/ComputerOrnazation/lab1/FSM/FSM.xpr
WARNING: [filemgmt 56-3] Default IP Output Path : Could not find the directory 'E:/ComputerOrnazation/lab1/FSM/FSM.gen/sources_1'.
Scanning sources...
Finished scanning sources
INFO: [IP_Flow 19-234] Refreshing IP repositories
INFO: [IP_Flow 19-1704] No user IP repositories specified
INFO: [IP_Flow 19-2313] Loaded Vivado IP repository 'E:/vivado/Vivado/2020.2/data/ip'.
update_compile_order -fileset sources_1
launch_simulation
Command: launch_simulation 
INFO: [Vivado 12-5682] Launching behavioral simulation in 'E:/ComputerOrnazation/lab1/FSM/FSM.sim/sim_1/behav/xsim'
INFO: [SIM-utils-51] Simulation object is 'sim_1'
INFO: [SIM-utils-54] Inspecting design source files for 'FSM_tb_generate' in fileset 'sim_1'...
INFO: [USF-XSim-97] Finding global include files...
INFO: [USF-XSim-98] Fetching design files from 'sim_1'...
INFO: [USF-XSim-2] XSim::Compile design
INFO: [USF-XSim-61] Executing 'COMPILE and ANALYZE' step in 'E:/ComputerOrnazation/lab1/FSM/FSM.sim/sim_1/behav/xsim'
"xvlog --incr --relax -prj FSM_tb_generate_vlog.prj"
INFO: [VRFC 10-2263] Analyzing Verilog file "E:/ComputerOrnazation/lab1/FSM/FSM.srcs/sim_1/new/FSM_tb_generate.v" into library xil_defaultlib
INFO: [VRFC 10-311] analyzing module FSM_tb_generate
INFO: [USF-XSim-69] 'compile' step finished in '1' seconds
INFO: [USF-XSim-3] XSim::Elaborate design
INFO: [USF-XSim-61] Executing 'ELABORATE' step in 'E:/ComputerOrnazation/lab1/FSM/FSM.sim/sim_1/behav/xsim'
"xelab -wto 0b87659831f74cb3b90b1716a411651f --incr --debug typical --relax --mt 2 -L xil_defaultlib -L unisims_ver -L unimacro_ver -L secureip --snapshot FSM_tb_generate_behav xil_defaultlib.FSM_tb_generate xil_defaultlib.glbl -log elaborate.log"
Vivado Simulator 2020.2
Copyright 1986-1999, 2001-2020 Xilinx, Inc. All Rights Reserved.
Running: E:/vivado/Vivado/2020.2/bin/unwrapped/win64.o/xelab.exe -wto 0b87659831f74cb3b90b1716a411651f --incr --debug typical --relax --mt 2 -L xil_defaultlib -L unisims_ver -L unimacro_ver -L secureip --snapshot FSM_tb_generate_behav xil_defaultlib.FSM_tb_generate xil_defaultlib.glbl -log elaborate.log 
Using 2 slave threads.
Starting static elaboration
Pass Through NonSizing Optimizer
Completed static elaboration
Starting simulation data flow analysis
Completed simulation data flow analysis
Time Resolution for simulation is 1ps
Compiling module xil_defaultlib.seq
Compiling module xil_defaultlib.FSM_tb_generate
Compiling module xil_defaultlib.glbl
Built simulation snapshot FSM_tb_generate_behav

****** Webtalk v2020.2 (64-bit)
  **** SW Build 3064766 on Wed Nov 18 09:12:45 MST 2020
  **** IP Build 3064653 on Wed Nov 18 14:17:31 MST 2020
    ** Copyright 1986-2020 Xilinx, Inc. All Rights Reserved.

source E:/ComputerOrnazation/lab1/FSM/FSM.sim/sim_1/behav/xsim/xsim.dir/FSM_tb_generate_behav/webtalk/xsim_webtalk.tcl -notrace
INFO: [Common 17-186] 'E:/ComputerOrnazation/lab1/FSM/FSM.sim/sim_1/behav/xsim/xsim.dir/FSM_tb_generate_behav/webtalk/usage_statistics_ext_xsim.xml' has been successfully sent to Xilinx on Wed Mar  8 14:01:34 2023. For additional details about this file, please refer to the WebTalk help file at E:/vivado/Vivado/2020.2/doc/webtalk_introduction.html.
INFO: [Common 17-206] Exiting Webtalk at Wed Mar  8 14:01:34 2023...
run_program: Time (s): cpu = 00:00:01 ; elapsed = 00:00:06 . Memory (MB): peak = 1110.238 ; gain = 0.000
INFO: [USF-XSim-69] 'elaborate' step finished in '6' seconds
INFO: [USF-XSim-4] XSim::Simulate design
INFO: [USF-XSim-61] Executing 'SIMULATE' step in 'E:/ComputerOrnazation/lab1/FSM/FSM.sim/sim_1/behav/xsim'
INFO: [USF-XSim-98] *** Running xsim
   with args "FSM_tb_generate_behav -key {Behavioral:sim_1:Functional:FSM_tb_generate} -tclbatch {FSM_tb_generate.tcl} -log {simulate.log}"
INFO: [USF-XSim-8] Loading simulator feature
Vivado Simulator 2020.2
Time resolution is 1 ps
source FSM_tb_generate.tcl
# set curr_wave [current_wave_config]
# if { [string length $curr_wave] == 0 } {
#   if { [llength [get_objects]] > 0} {
#     add_wave /
#     set_property needs_save false [current_wave_config]
#   } else {
#      send_msg_id Add_Wave-1 WARNING "No top level signals found. Simulator will start without a wave window. If you want to open a wave window go to 'File->New Waveform Configuration' or type 'create_wave_config' in the TCL console."
#   }
# }
# run 1000ns
out = x
out = 0
out = 0
out = 0
out = 0
out = 0
out = 0
out = 0
out = 0
out = 0
out = 0
out = 0
out = 0
out = 0
out = 0
out = 0
out = 0
out = 0
out = 0
out = 0
out = 0
out = 0
out = 0
out = 0
out = 0
INFO: [USF-XSim-96] XSim completed. Design snapshot 'FSM_tb_generate_behav' loaded.
INFO: [USF-XSim-97] XSim simulation ran for 1000ns
launch_simulation: Time (s): cpu = 00:00:06 ; elapsed = 00:00:11 . Memory (MB): peak = 1110.238 ; gain = 0.000
close_sim
INFO: [Simtcl 6-16] Simulation closed
close_sim: Time (s): cpu = 00:00:02 ; elapsed = 00:00:06 . Memory (MB): peak = 1110.238 ; gain = 0.000
launch_simulation
Command: launch_simulation 
INFO: [Vivado 12-5682] Launching behavioral simulation in 'E:/ComputerOrnazation/lab1/FSM/FSM.sim/sim_1/behav/xsim'
INFO: [SIM-utils-51] Simulation object is 'sim_1'
INFO: [SIM-utils-54] Inspecting design source files for 'FSM_tb_generate' in fileset 'sim_1'...
INFO: [USF-XSim-97] Finding global include files...
INFO: [USF-XSim-98] Fetching design files from 'sim_1'...
INFO: [USF-XSim-2] XSim::Compile design
INFO: [USF-XSim-61] Executing 'COMPILE and ANALYZE' step in 'E:/ComputerOrnazation/lab1/FSM/FSM.sim/sim_1/behav/xsim'
"xvlog --incr --relax -prj FSM_tb_generate_vlog.prj"
INFO: [VRFC 10-2263] Analyzing Verilog file "E:/ComputerOrnazation/lab1/FSM/FSM.srcs/sources_1/new/FSM.v" into library xil_defaultlib
INFO: [VRFC 10-311] analyzing module seq
INFO: [VRFC 10-2263] Analyzing Verilog file "E:/ComputerOrnazation/lab1/FSM/FSM.srcs/sim_1/new/FSM_tb_generate.v" into library xil_defaultlib
INFO: [VRFC 10-311] analyzing module FSM_tb_generate
ERROR: [VRFC 10-4982] syntax error near 'genvar' [E:/ComputerOrnazation/lab1/FSM/FSM.srcs/sim_1/new/FSM_tb_generate.v:42]
ERROR: [VRFC 10-2790] Verilog 2000 keyword genvar used in incorrect context [E:/ComputerOrnazation/lab1/FSM/FSM.srcs/sim_1/new/FSM_tb_generate.v:42]
ERROR: [VRFC 10-4982] syntax error near 'endgenerate' [E:/ComputerOrnazation/lab1/FSM/FSM.srcs/sim_1/new/FSM_tb_generate.v:48]
ERROR: [VRFC 10-2790] Verilog 2000 keyword endgenerate used in incorrect context [E:/ComputerOrnazation/lab1/FSM/FSM.srcs/sim_1/new/FSM_tb_generate.v:48]
ERROR: [VRFC 10-2989] 'i' is not declared [E:/ComputerOrnazation/lab1/FSM/FSM.srcs/sim_1/new/FSM_tb_generate.v:44]
ERROR: [VRFC 10-2989] 'i' is not declared [E:/ComputerOrnazation/lab1/FSM/FSM.srcs/sim_1/new/FSM_tb_generate.v:45]
ERROR: [VRFC 10-2865] module 'FSM_tb_generate' ignored due to previous errors [E:/ComputerOrnazation/lab1/FSM/FSM.srcs/sim_1/new/FSM_tb_generate.v:21]
INFO: [USF-XSim-69] 'compile' step finished in '1' seconds
INFO: [USF-XSim-99] Step results log file:'E:/ComputerOrnazation/lab1/FSM/FSM.sim/sim_1/behav/xsim/xvlog.log'
ERROR: [USF-XSim-62] 'compile' step failed with error(s). Please check the Tcl console output or 'E:/ComputerOrnazation/lab1/FSM/FSM.sim/sim_1/behav/xsim/xvlog.log' file for more information.
ERROR: [Vivado 12-4473] Detected error while running simulation. Please correct the issue and retry this operation.
ERROR: [Common 17-39] 'launch_simulation' failed due to earlier errors.
exit
INFO: [Common 17-206] Exiting Vivado at Wed Mar  8 14:04:16 2023...
