#-----------------------------------------------------------
# Vivado v2020.2 (64-bit)
# SW Build 3064766 on Wed Nov 18 09:12:45 MST 2020
# IP Build 3064653 on Wed Nov 18 14:17:31 MST 2020
# Start of session at: Thu Mar  2 12:44:33 2023
# Process ID: 9840
# Current directory: E:/ComputerOrnazation/lab0/OExp01-muxctrl
# Command line: vivado.exe -gui_launcher_event rodinguilauncherevent13020 E:\ComputerOrnazation\lab0\OExp01-muxctrl\OExp01-muxctrl.xpr
# Log file: E:/ComputerOrnazation/lab0/OExp01-muxctrl/vivado.log
# Journal file: E:/ComputerOrnazation/lab0/OExp01-muxctrl\vivado.jou
#-----------------------------------------------------------
start_gui
open_project E:/ComputerOrnazation/lab0/OExp01-muxctrl/OExp01-muxctrl.xpr
Scanning sources...
Finished scanning sources
INFO: [IP_Flow 19-234] Refreshing IP repositories
INFO: [IP_Flow 19-1700] Loaded user IP repository 'e:/ComputerOrnazation/IP'.
INFO: [IP_Flow 19-2313] Loaded Vivado IP repository 'E:/vivado/Vivado/2020.2/data/ip'.
open_project: Time (s): cpu = 00:00:14 ; elapsed = 00:00:06 . Memory (MB): peak = 1109.461 ; gain = 0.000
update_compile_order -fileset sources_1
open_run impl_1
INFO: [Device 21-403] Loading part xc7k160tffg676-2L
Netlist sorting complete. Time (s): cpu = 00:00:00 ; elapsed = 00:00:00.001 . Memory (MB): peak = 1374.578 ; gain = 0.000
INFO: [Project 1-479] Netlist was created with Vivado 2020.2
INFO: [Project 1-570] Preparing netlist for logic optimization
INFO: [Timing 38-478] Restoring timing data from binary archive.
INFO: [Timing 38-479] Binary timing data restore complete.
INFO: [Project 1-856] Restoring constraints from binary archive.
INFO: [Project 1-853] Binary constraint restore complete.
Reading XDEF placement.
Reading placer database...
Reading XDEF routing.
Read XDEF File: Time (s): cpu = 00:00:00 ; elapsed = 00:00:00.039 . Memory (MB): peak = 2056.070 ; gain = 0.000
Restored from archive | CPU: 0.000000 secs | Memory: 0.000000 MB |
Finished XDEF File Restore: Time (s): cpu = 00:00:00 ; elapsed = 00:00:00.043 . Memory (MB): peak = 2056.070 ; gain = 0.000
Netlist sorting complete. Time (s): cpu = 00:00:00 ; elapsed = 00:00:00 . Memory (MB): peak = 2056.070 ; gain = 0.000
INFO: [Project 1-111] Unisim Transformation Summary:
No Unisim elements were transformed.

open_run: Time (s): cpu = 00:00:27 ; elapsed = 00:00:19 . Memory (MB): peak = 2231.055 ; gain = 1113.168
WARNING: [Timing 38-313] There are no user specified timing constraints. Timing constraints are needed for proper timing analysis.
ERROR: [Vivado 12-106] *** Exception: java.lang.NullPointerException (See E:/ComputerOrnazation/lab0/OExp01-muxctrl/vivado_pid9840.debug)
exit
INFO: [Common 17-206] Exiting Vivado at Thu Mar  2 13:28:26 2023...
