#-----------------------------------------------------------
# Vivado v2020.2 (64-bit)
# SW Build 3064766 on Wed Nov 18 09:12:45 MST 2020
# IP Build 3064653 on Wed Nov 18 14:17:31 MST 2020
# Start of session at: Wed Mar  1 19:40:16 2023
# Process ID: 26668
# Current directory: E:/ComputerOrnazation/lab0/MUX2T1_5
# Command line: vivado.exe -gui_launcher_event rodinguilauncherevent25912 E:\ComputerOrnazation\lab0\MUX2T1_5\MUX2T1_5.xpr
# Log file: E:/ComputerOrnazation/lab0/MUX2T1_5/vivado.log
# Journal file: E:/ComputerOrnazation/lab0/MUX2T1_5\vivado.jou
#-----------------------------------------------------------
start_gui
open_project E:/ComputerOrnazation/lab0/MUX2T1_5/MUX2T1_5.xpr
WARNING: [filemgmt 56-3] Default IP Output Path : Could not find the directory 'E:/ComputerOrnazation/lab0/MUX2T1_5/MUX2T1_5.gen/sources_1'.
CRITICAL WARNING: [Project 1-19] Could not find the file 'E:/ComputerOrnazation/lab0/MUX2T1_5/MUX2T1_5.srcs/component.xml'.
Scanning sources...
Finished scanning sources
INFO: [IP_Flow 19-234] Refreshing IP repositories
INFO: [IP_Flow 19-1700] Loaded user IP repository 'e:/ComputerOrnazation/lab0/MUX2T1_5/MUX2T1_5.srcs'.
INFO: [IP_Flow 19-2313] Loaded Vivado IP repository 'E:/vivado/Vivado/2020.2/data/ip'.
reset_run synth_1
update_compile_order -fileset sources_1
launch_runs synth_1 -jobs 4
[Wed Mar  1 19:40:33 2023] Launched synth_1...
Run output will be captured here: E:/ComputerOrnazation/lab0/MUX2T1_5/MUX2T1_5.runs/synth_1/runme.log
reset_run synth_1
launch_runs synth_1 -jobs 4
[Wed Mar  1 19:41:58 2023] Launched synth_1...
Run output will be captured here: E:/ComputerOrnazation/lab0/MUX2T1_5/MUX2T1_5.runs/synth_1/runme.log
exit
INFO: [Common 17-206] Exiting Vivado at Wed Mar  1 19:43:15 2023...
