#-----------------------------------------------------------
# Vivado v2020.2 (64-bit)
# SW Build 3064766 on Wed Nov 18 09:12:45 MST 2020
# IP Build 3064653 on Wed Nov 18 14:17:31 MST 2020
# Start of session at: Wed Mar  1 20:11:58 2023
# Process ID: 11760
# Current directory: E:/ComputerOrnazation/lab0/MUX2T1_5
# Command line: vivado.exe -gui_launcher_event rodinguilauncherevent26616 E:\ComputerOrnazation\lab0\MUX2T1_5\MUX2T1_5.xpr
# Log file: E:/ComputerOrnazation/lab0/MUX2T1_5/vivado.log
# Journal file: E:/ComputerOrnazation/lab0/MUX2T1_5\vivado.jou
#-----------------------------------------------------------
start_gui
open_project E:/ComputerOrnazation/lab0/MUX2T1_5/MUX2T1_5.xpr
WARNING: [filemgmt 56-3] Default IP Output Path : Could not find the directory 'E:/ComputerOrnazation/lab0/MUX2T1_5/MUX2T1_5.gen/sources_1'.
Scanning sources...
Finished scanning sources
INFO: [IP_Flow 19-234] Refreshing IP repositories
INFO: [IP_Flow 19-1700] Loaded user IP repository 'e:/ComputerOrnazation/lab0/MUX2T1_5/MUX2T1_5.srcs'.
INFO: [IP_Flow 19-2313] Loaded Vivado IP repository 'E:/vivado/Vivado/2020.2/data/ip'.
update_compile_order -fileset sources_1
reset_run synth_1
set_property -name {STEPS.SYNTH_DESIGN.ARGS.MORE OPTIONS} -value {-mode  out_of_context} -objects [get_runs synth_1]
launch_runs synth_1 -jobs 8
[Wed Mar  1 20:12:35 2023] Launched synth_1...
Run output will be captured here: E:/ComputerOrnazation/lab0/MUX2T1_5/MUX2T1_5.runs/synth_1/runme.log
open_run synth_1 -name synth_1
Design is defaulting to impl run constrset: constrs_1
Design is defaulting to synth run part: xc7k160tffg676-2L
INFO: [Device 21-403] Loading part xc7k160tffg676-2L
Netlist sorting complete. Time (s): cpu = 00:00:00 ; elapsed = 00:00:00 . Memory (MB): peak = 1519.582 ; gain = 0.000
INFO: [Project 1-479] Netlist was created with Vivado 2020.2
INFO: [Project 1-570] Preparing netlist for logic optimization
INFO: [Opt 31-138] Pushed 0 inverter(s) to 0 load pin(s).
Netlist sorting complete. Time (s): cpu = 00:00:00 ; elapsed = 00:00:00 . Memory (MB): peak = 1606.230 ; gain = 0.000
INFO: [Project 1-111] Unisim Transformation Summary:
No Unisim elements were transformed.

open_run: Time (s): cpu = 00:00:15 ; elapsed = 00:00:08 . Memory (MB): peak = 1795.754 ; gain = 564.934
write_verilog -mode synth_stub E:/ComputerOrnazation/IP/MUX2T1_5.v
E:/ComputerOrnazation/IP/MUX2T1_5.v
write_edif -security_mode all E:/ComputerOrnazation/IP/MUX2T1_5.v
Netlist sorting complete. Time (s): cpu = 00:00:00 ; elapsed = 00:00:00 . Memory (MB): peak = 2184.852 ; gain = 0.000
ERROR: [Common 17-176] Overwrite of existing file isn't enabled.  Please specify -force to overwrite file  [E:/ComputerOrnazation/IP/MUX2T1_5.v]
write_edif E:/ComputerOrnazation/IP/MUX2T1_5.edf
Netlist sorting complete. Time (s): cpu = 00:00:00 ; elapsed = 00:00:00 . Memory (MB): peak = 2211.402 ; gain = 0.000
E:/ComputerOrnazation/IP/MUX2T1_5.edf
import_files -norecurse E:/ComputerOrnazation/IP/MUX2T1_5.edf
import_files -norecurse E:/ComputerOrnazation/IP/MUX2T1_5.v
update_compile_order -fileset sources_1
update_compile_order -fileset sources_1
exit
INFO: [Common 17-206] Exiting Vivado at Wed Mar  1 20:22:38 2023...
