#-----------------------------------------------------------
# Vivado v2020.2 (64-bit)
# SW Build 3064766 on Wed Nov 18 09:12:45 MST 2020
# IP Build 3064653 on Wed Nov 18 14:17:31 MST 2020
# Start of session at: Wed Mar  1 19:46:35 2023
# Process ID: 19316
# Current directory: E:/ComputerOrnazation/lab0/MUX2T1_5
# Command line: vivado.exe -gui_launcher_event rodinguilauncherevent18664 E:\ComputerOrnazation\lab0\MUX2T1_5\MUX2T1_5.xpr
# Log file: E:/ComputerOrnazation/lab0/MUX2T1_5/vivado.log
# Journal file: E:/ComputerOrnazation/lab0/MUX2T1_5\vivado.jou
#-----------------------------------------------------------
start_gui
open_project E:/ComputerOrnazation/lab0/MUX2T1_5/MUX2T1_5.xpr
WARNING: [filemgmt 56-3] Default IP Output Path : Could not find the directory 'E:/ComputerOrnazation/lab0/MUX2T1_5/MUX2T1_5.gen/sources_1'.
Scanning sources...
Finished scanning sources
INFO: [IP_Flow 19-234] Refreshing IP repositories
INFO: [IP_Flow 19-1700] Loaded user IP repository 'e:/ComputerOrnazation/lab0/MUX2T1_5/MUX2T1_5.srcs'.
INFO: [IP_Flow 19-2313] Loaded Vivado IP repository 'E:/vivado/Vivado/2020.2/data/ip'.
open_project: Time (s): cpu = 00:00:12 ; elapsed = 00:00:07 . Memory (MB): peak = 1089.191 ; gain = 0.000
update_compile_order -fileset sources_1
reset_run synth_1
launch_runs synth_1 -jobs 4
[Wed Mar  1 19:47:10 2023] Launched synth_1...
Run output will be captured here: E:/ComputerOrnazation/lab0/MUX2T1_5/MUX2T1_5.runs/synth_1/runme.log
exit
INFO: [Common 17-206] Exiting Vivado at Wed Mar  1 19:47:37 2023...
