#-----------------------------------------------------------
# Vivado v2020.2 (64-bit)
# SW Build 3064766 on Wed Nov 18 09:12:45 MST 2020
# IP Build 3064653 on Wed Nov 18 14:17:31 MST 2020
# Start of session at: Wed Mar  1 19:13:40 2023
# Process ID: 24924
# Current directory: E:/ComputerOrnazation/lab0/MUX2T1_5
# Command line: vivado.exe -gui_launcher_event rodinguilauncherevent29176 E:\ComputerOrnazation\lab0\MUX2T1_5\MUX2T1_5.xpr
# Log file: E:/ComputerOrnazation/lab0/MUX2T1_5/vivado.log
# Journal file: E:/ComputerOrnazation/lab0/MUX2T1_5\vivado.jou
#-----------------------------------------------------------
start_gui
open_project E:/ComputerOrnazation/lab0/MUX2T1_5/MUX2T1_5.xpr
WARNING: [filemgmt 56-3] Default IP Output Path : Could not find the directory 'E:/ComputerOrnazation/lab0/MUX2T1_5/MUX2T1_5.gen/sources_1'.
Scanning sources...
Finished scanning sources
INFO: [IP_Flow 19-234] Refreshing IP repositories
INFO: [IP_Flow 19-1700] Loaded user IP repository 'e:/ComputerOrnazation/lab0/MUX2T1_5/MUX2T1_5.srcs'.
INFO: [IP_Flow 19-2313] Loaded Vivado IP repository 'E:/vivado/Vivado/2020.2/data/ip'.
update_compile_order -fileset sources_1
reset_run synth_1
launch_runs synth_1 -jobs 4
[Wed Mar  1 19:14:04 2023] Launched synth_1...
Run output will be captured here: E:/ComputerOrnazation/lab0/MUX2T1_5/MUX2T1_5.runs/synth_1/runme.log
reset_run synth_1
launch_runs synth_1 -jobs 4
[Wed Mar  1 19:16:43 2023] Launched synth_1...
Run output will be captured here: E:/ComputerOrnazation/lab0/MUX2T1_5/MUX2T1_5.runs/synth_1/runme.log
synth_design -rtl -rtl_skip_mlo -name rtl_1
Command: synth_design -rtl -rtl_skip_mlo -name rtl_1
Starting synth_design
Using part: xc7k160tffg676-2L
Top: MUX2T1_5
INFO: [Device 21-403] Loading part xc7k160tffg676-2L
---------------------------------------------------------------------------------
Starting RTL Elaboration : Time (s): cpu = 00:00:03 ; elapsed = 00:00:03 . Memory (MB): peak = 1570.660 ; gain = 247.918
---------------------------------------------------------------------------------
INFO: [Synth 8-6157] synthesizing module 'MUX2T1_5' [E:/ComputerOrnazation/lab0/MUX2T1_5/MUX2T1_5.srcs/sources_1/new/MUX2T1_5.v:23]
INFO: [Synth 8-6155] done synthesizing module 'MUX2T1_5' (1#1) [E:/ComputerOrnazation/lab0/MUX2T1_5/MUX2T1_5.srcs/sources_1/new/MUX2T1_5.v:23]
---------------------------------------------------------------------------------
Finished RTL Elaboration : Time (s): cpu = 00:00:04 ; elapsed = 00:00:04 . Memory (MB): peak = 1646.945 ; gain = 324.203
---------------------------------------------------------------------------------
---------------------------------------------------------------------------------
Start Handling Custom Attributes
---------------------------------------------------------------------------------
---------------------------------------------------------------------------------
Finished Handling Custom Attributes : Time (s): cpu = 00:00:05 ; elapsed = 00:00:04 . Memory (MB): peak = 1646.945 ; gain = 324.203
---------------------------------------------------------------------------------
---------------------------------------------------------------------------------
Finished RTL Optimization Phase 1 : Time (s): cpu = 00:00:05 ; elapsed = 00:00:04 . Memory (MB): peak = 1646.945 ; gain = 324.203
---------------------------------------------------------------------------------
Netlist sorting complete. Time (s): cpu = 00:00:00 ; elapsed = 00:00:00 . Memory (MB): peak = 1646.945 ; gain = 0.000
INFO: [Project 1-570] Preparing netlist for logic optimization

Processing XDC Constraints
Initializing timing engine
Completed Processing XDC Constraints

Netlist sorting complete. Time (s): cpu = 00:00:00 ; elapsed = 00:00:00 . Memory (MB): peak = 1647.250 ; gain = 0.000
INFO: [Project 1-111] Unisim Transformation Summary:
No Unisim elements were transformed.

RTL Elaboration Complete:  : Time (s): cpu = 00:00:15 ; elapsed = 00:00:07 . Memory (MB): peak = 1825.898 ; gain = 503.156
5 Infos, 0 Warnings, 0 Critical Warnings and 0 Errors encountered.
synth_design completed successfully
synth_design: Time (s): cpu = 00:00:19 ; elapsed = 00:00:12 . Memory (MB): peak = 1825.898 ; gain = 716.148
reset_run synth_1
launch_runs synth_1 -jobs 4
[Wed Mar  1 19:19:42 2023] Launched synth_1...
Run output will be captured here: E:/ComputerOrnazation/lab0/MUX2T1_5/MUX2T1_5.runs/synth_1/runme.log
reset_run synth_1
launch_runs synth_1 -jobs 4
[Wed Mar  1 19:26:40 2023] Launched synth_1...
Run output will be captured here: E:/ComputerOrnazation/lab0/MUX2T1_5/MUX2T1_5.runs/synth_1/runme.log
exit
INFO: [Common 17-206] Exiting Vivado at Wed Mar  1 19:34:23 2023...
