#-----------------------------------------------------------
# Vivado v2020.2 (64-bit)
# SW Build 3064766 on Wed Nov 18 09:12:45 MST 2020
# IP Build 3064653 on Wed Nov 18 14:17:31 MST 2020
# Start of session at: Wed Mar 22 12:31:49 2023
# Process ID: 24716
# Current directory: E:/ComputerOrnazation/lab3/div32
# Command line: vivado.exe -gui_launcher_event rodinguilauncherevent7292 E:\ComputerOrnazation\lab3\div32\div32.xpr
# Log file: E:/ComputerOrnazation/lab3/div32/vivado.log
# Journal file: E:/ComputerOrnazation/lab3/div32\vivado.jou
#-----------------------------------------------------------
start_gui
open_project E:/ComputerOrnazation/lab3/div32/div32.xpr
WARNING: [filemgmt 56-3] Default IP Output Path : Could not find the directory 'E:/ComputerOrnazation/lab3/div32/div32.gen/sources_1'.
CRITICAL WARNING: [Project 1-19] Could not find the file 'E:/ComputerOrnazation/lab3/div32/div32.srcs/sources_1/new/div32.v'.
Scanning sources...
Finished scanning sources
INFO: [IP_Flow 19-234] Refreshing IP repositories
INFO: [IP_Flow 19-1704] No user IP repositories specified
INFO: [IP_Flow 19-2313] Loaded Vivado IP repository 'E:/vivado/Vivado/2020.2/data/ip'.
open_project: Time (s): cpu = 00:00:10 ; elapsed = 00:00:05 . Memory (MB): peak = 1088.668 ; gain = 0.000
update_compile_order -fileset sources_1
update_compile_order -fileset sources_1
launch_simulation
Command: launch_simulation 
INFO: [Vivado 12-5682] Launching behavioral simulation in 'E:/ComputerOrnazation/lab3/div32/div32.sim/sim_1/behav/xsim'
INFO: [SIM-utils-51] Simulation object is 'sim_1'
INFO: [SIM-utils-54] Inspecting design source files for 'div_tb' in fileset 'sim_1'...
INFO: [USF-XSim-97] Finding global include files...
INFO: [USF-XSim-98] Fetching design files from 'sim_1'...
INFO: [USF-XSim-2] XSim::Compile design
INFO: [USF-XSim-61] Executing 'COMPILE and ANALYZE' step in 'E:/ComputerOrnazation/lab3/div32/div32.sim/sim_1/behav/xsim'
"xvlog --incr --relax -prj div_tb_vlog.prj"
INFO: [VRFC 10-2263] Analyzing Verilog file "E:/ComputerOrnazation/lab3/div32/div32.srcs/sources_1/new/div32.v" into library xil_defaultlib
INFO: [VRFC 10-311] analyzing module divider
INFO: [VRFC 10-2263] Analyzing Verilog file "E:/ComputerOrnazation/lab3/div32/div32.srcs/sim_1/new/div32_tb.v" into library xil_defaultlib
INFO: [VRFC 10-311] analyzing module div_tb
INFO: [USF-XSim-69] 'compile' step finished in '2' seconds
INFO: [USF-XSim-3] XSim::Elaborate design
INFO: [USF-XSim-61] Executing 'ELABORATE' step in 'E:/ComputerOrnazation/lab3/div32/div32.sim/sim_1/behav/xsim'
"xelab -wto 053af04f59284d03ba0f26f823cbc6a8 --incr --debug typical --relax --mt 2 -L xil_defaultlib -L unisims_ver -L unimacro_ver -L secureip --snapshot div_tb_behav xil_defaultlib.div_tb xil_defaultlib.glbl -log elaborate.log"
Vivado Simulator 2020.2
Copyright 1986-1999, 2001-2020 Xilinx, Inc. All Rights Reserved.
Running: E:/vivado/Vivado/2020.2/bin/unwrapped/win64.o/xelab.exe -wto 053af04f59284d03ba0f26f823cbc6a8 --incr --debug typical --relax --mt 2 -L xil_defaultlib -L unisims_ver -L unimacro_ver -L secureip --snapshot div_tb_behav xil_defaultlib.div_tb xil_defaultlib.glbl -log elaborate.log 
Using 2 slave threads.
Starting static elaboration
Pass Through NonSizing Optimizer
Completed static elaboration
Starting simulation data flow analysis
Completed simulation data flow analysis
Time Resolution for simulation is 1ps
Compiling module xil_defaultlib.divider
Compiling module xil_defaultlib.div_tb
Compiling module xil_defaultlib.glbl
Built simulation snapshot div_tb_behav

****** Webtalk v2020.2 (64-bit)
  **** SW Build 3064766 on Wed Nov 18 09:12:45 MST 2020
  **** IP Build 3064653 on Wed Nov 18 14:17:31 MST 2020
    ** Copyright 1986-2020 Xilinx, Inc. All Rights Reserved.

source E:/ComputerOrnazation/lab3/div32/div32.sim/sim_1/behav/xsim/xsim.dir/div_tb_behav/webtalk/xsim_webtalk.tcl -notrace
INFO: [Common 17-186] 'E:/ComputerOrnazation/lab3/div32/div32.sim/sim_1/behav/xsim/xsim.dir/div_tb_behav/webtalk/usage_statistics_ext_xsim.xml' has been successfully sent to Xilinx on Wed Mar 22 12:33:00 2023. For additional details about this file, please refer to the WebTalk help file at E:/vivado/Vivado/2020.2/doc/webtalk_introduction.html.
webtalk_transmit: Time (s): cpu = 00:00:00 ; elapsed = 00:00:06 . Memory (MB): peak = 116.664 ; gain = 17.676
INFO: [Common 17-206] Exiting Webtalk at Wed Mar 22 12:33:00 2023...
run_program: Time (s): cpu = 00:00:01 ; elapsed = 00:00:11 . Memory (MB): peak = 1088.668 ; gain = 0.000
INFO: [USF-XSim-69] 'elaborate' step finished in '11' seconds
INFO: [USF-XSim-4] XSim::Simulate design
INFO: [USF-XSim-61] Executing 'SIMULATE' step in 'E:/ComputerOrnazation/lab3/div32/div32.sim/sim_1/behav/xsim'
INFO: [USF-XSim-98] *** Running xsim
   with args "div_tb_behav -key {Behavioral:sim_1:Functional:div_tb} -tclbatch {div_tb.tcl} -log {simulate.log}"
INFO: [USF-XSim-8] Loading simulator feature
Vivado Simulator 2020.2
Time resolution is 1 ps
source div_tb.tcl
# set curr_wave [current_wave_config]
# if { [string length $curr_wave] == 0 } {
#   if { [llength [get_objects]] > 0} {
#     add_wave /
#     set_property needs_save false [current_wave_config]
#   } else {
#      send_msg_id Add_Wave-1 WARNING "No top level signals found. Simulator will start without a wave window. If you want to open a wave window go to 'File->New Waveform Configuration' or type 'create_wave_config' in the TCL console."
#   }
# }
# run 4500ns
INFO: [USF-XSim-96] XSim completed. Design snapshot 'div_tb_behav' loaded.
INFO: [USF-XSim-97] XSim simulation ran for 4500ns
launch_simulation: Time (s): cpu = 00:00:07 ; elapsed = 00:00:16 . Memory (MB): peak = 1088.668 ; gain = 0.000
close_sim
INFO: [Simtcl 6-16] Simulation closed
close_sim: Time (s): cpu = 00:00:01 ; elapsed = 00:00:08 . Memory (MB): peak = 1140.430 ; gain = 0.000
exit
INFO: [Common 17-206] Exiting Vivado at Wed Mar 22 14:27:14 2023...
