#-----------------------------------------------------------
# Vivado v2020.2 (64-bit)
# SW Build 3064766 on Wed Nov 18 09:12:45 MST 2020
# IP Build 3064653 on Wed Nov 18 14:17:31 MST 2020
# Start of session at: Thu May 11 10:41:09 2023
# Process ID: 7204
# Current directory: E:/ComputerOrnazation/lab4_3/CSSET
# Command line: vivado.exe -gui_launcher_event rodinguilauncherevent25340 E:\ComputerOrnazation\lab4_3\CSSET\CPU_test.xpr
# Log file: E:/ComputerOrnazation/lab4_3/CSSET/vivado.log
# Journal file: E:/ComputerOrnazation/lab4_3/CSSET\vivado.jou
#-----------------------------------------------------------
start_gui
open_project E:/ComputerOrnazation/lab4_3/CSSET/CPU_test.xpr
WARNING: [filemgmt 56-3] IP Repository Path: Could not find the directory 'E:/ComputerOrnazation/lab04'.
WARNING: [filemgmt 56-3] IP Repository Path: Could not find the directory 'E:/IP_yyf_all_right_reserved/LOGIC'.
WARNING: [filemgmt 56-3] IP Repository Path: Could not find the directory 'E:/lab01'.
WARNING: [filemgmt 56-3] IP Repository Path: Could not find the directory 'E:/IP_yyf_all_right_reserved/MUX'.
Scanning sources...
Finished scanning sources
INFO: [IP_Flow 19-234] Refreshing IP repositories
WARNING: [IP_Flow 19-2248] Failed to load user IP repository 'e:/ComputerOrnazation/lab04'; Can't find the specified path.
If this directory should no longer be in your list of user repositories, go to the IP Settings dialog and remove it.
WARNING: [IP_Flow 19-2248] Failed to load user IP repository 'e:/IP_yyf_all_right_reserved/LOGIC'; Can't find the specified path.
If this directory should no longer be in your list of user repositories, go to the IP Settings dialog and remove it.
WARNING: [IP_Flow 19-2248] Failed to load user IP repository 'e:/lab01'; Can't find the specified path.
If this directory should no longer be in your list of user repositories, go to the IP Settings dialog and remove it.
WARNING: [IP_Flow 19-2248] Failed to load user IP repository 'e:/IP_yyf_all_right_reserved/MUX'; Can't find the specified path.
If this directory should no longer be in your list of user repositories, go to the IP Settings dialog and remove it.
INFO: [IP_Flow 19-2313] Loaded Vivado IP repository 'E:/vivado/Vivado/2020.2/data/ip'.
open_project: Time (s): cpu = 00:00:12 ; elapsed = 00:00:05 . Memory (MB): peak = 1109.207 ; gain = 0.000
update_compile_order -fileset sources_1
generate_target all [get_files  E:/ComputerOrnazation/lab4_3/CSSET/CPU_test.srcs/sources_1/ip/ROM_D_0/ROM_D_0.xci]
INFO: [IP_Flow 19-1686] Generating 'Instantiation Template' target for IP 'ROM_D_0'...
INFO: [IP_Flow 19-1686] Generating 'Synthesis' target for IP 'ROM_D_0'...
INFO: [IP_Flow 19-1686] Generating 'Simulation' target for IP 'ROM_D_0'...
INFO: [IP_Flow 19-1686] Generating 'Change Log' target for IP 'ROM_D_0'...
export_ip_user_files -of_objects [get_files E:/ComputerOrnazation/lab4_3/CSSET/CPU_test.srcs/sources_1/ip/ROM_D_0/ROM_D_0.xci] -no_script -sync -force -quiet
export_simulation -of_objects [get_files E:/ComputerOrnazation/lab4_3/CSSET/CPU_test.srcs/sources_1/ip/ROM_D_0/ROM_D_0.xci] -directory E:/ComputerOrnazation/lab4_3/CSSET/CPU_test.ip_user_files/sim_scripts -ip_user_files_dir E:/ComputerOrnazation/lab4_3/CSSET/CPU_test.ip_user_files -ipstatic_source_dir E:/ComputerOrnazation/lab4_3/CSSET/CPU_test.ip_user_files/ipstatic -lib_map_path [list {modelsim=E:/ComputerOrnazation/lab4_3/CSSET/CPU_test.cache/compile_simlib/modelsim} {questa=E:/ComputerOrnazation/lab4_3/CSSET/CPU_test.cache/compile_simlib/questa} {riviera=E:/ComputerOrnazation/lab4_3/CSSET/CPU_test.cache/compile_simlib/riviera} {activehdl=E:/ComputerOrnazation/lab4_3/CSSET/CPU_test.cache/compile_simlib/activehdl}] -use_ip_compiled_libs -force -quiet
WARNING: [IP_Flow 19-4067] Ignoring invalid widget type specified checkbox.Providing a default widget
WARNING: [IP_Flow 19-4067] Ignoring invalid widget type specified checkbox.Providing a default widget
reset_run synth_1
launch_runs impl_1 -to_step write_bitstream -jobs 8
[Thu May 11 10:41:48 2023] Launched synth_1...
Run output will be captured here: E:/ComputerOrnazation/lab4_3/CSSET/CPU_test.runs/synth_1/runme.log
[Thu May 11 10:41:48 2023] Launched impl_1...
Run output will be captured here: E:/ComputerOrnazation/lab4_3/CSSET/CPU_test.runs/impl_1/runme.log
open_run impl_1
INFO: [Device 21-403] Loading part xc7k160tffg676-2L
Netlist sorting complete. Time (s): cpu = 00:00:00 ; elapsed = 00:00:00.060 . Memory (MB): peak = 1434.410 ; gain = 0.000
INFO: [Netlist 29-17] Analyzing 1150 Unisim elements for replacement
INFO: [Netlist 29-28] Unisim Transformation completed in 0 CPU seconds
INFO: [Project 1-479] Netlist was created with Vivado 2020.2
INFO: [Project 1-570] Preparing netlist for logic optimization
INFO: [Timing 38-478] Restoring timing data from binary archive.
INFO: [Timing 38-479] Binary timing data restore complete.
INFO: [Project 1-856] Restoring constraints from binary archive.
INFO: [Project 1-853] Binary constraint restore complete.
Reading XDEF placement.
Reading placer database...
Reading XDEF routing.
Read XDEF File: Time (s): cpu = 00:00:01 ; elapsed = 00:00:00.461 . Memory (MB): peak = 2144.051 ; gain = 0.000
Restored from archive | CPU: 1.000000 secs | Memory: 0.000000 MB |
Finished XDEF File Restore: Time (s): cpu = 00:00:01 ; elapsed = 00:00:00.462 . Memory (MB): peak = 2144.051 ; gain = 0.000
Netlist sorting complete. Time (s): cpu = 00:00:00 ; elapsed = 00:00:00.001 . Memory (MB): peak = 2144.051 ; gain = 0.000
INFO: [Project 1-111] Unisim Transformation Summary:
  A total of 192 instances were transformed.
  RAM64M => RAM64M (RAMD64E(x4)): 128 instances
  RAM64X1D => RAM64X1D (RAMD64E(x2)): 64 instances

open_run: Time (s): cpu = 00:00:23 ; elapsed = 00:00:16 . Memory (MB): peak = 2317.535 ; gain = 1169.355
WARNING: [Timing 38-313] There are no user specified timing constraints. Timing constraints are needed for proper timing analysis.
open_hw_manager
connect_hw_server -allow_non_jtag
INFO: [Labtools 27-2285] Connecting to hw_server url TCP:localhost:3121
INFO: [Labtools 27-2222] Launching hw_server...
INFO: [Labtools 27-2221] Launch Output:

****** Xilinx hw_server v2020.2
  **** Build date : Nov 18 2020 at 10:01:48
    ** Copyright 1986-2020 Xilinx, Inc. All Rights Reserved.


INFO: [Labtools 27-3415] Connecting to cs_server url TCP:localhost:3042
INFO: [Labtools 27-3417] Launching cs_server...
INFO: [Labtools 27-2221] Launch Output:


******** Xilinx cs_server v2020.2
  ****** Build date   : Nov 04 2020-05:02:56
    **** Build number : 2020.2.1604437376
      ** Copyright 2017-2020 Xilinx, Inc. All Rights Reserved.



connect_hw_server: Time (s): cpu = 00:00:01 ; elapsed = 00:00:10 . Memory (MB): peak = 2436.945 ; gain = 17.871
open_hw_target
INFO: [Labtoolstcl 44-466] Opening hw_target localhost:3121/xilinx_tcf/Xilinx/00000000000000
set_property PROGRAM.FILE {E:/ComputerOrnazation/lab4_3/CSSET/CPU_test.runs/impl_1/CSSTE.bit} [get_hw_devices xc7k160t_0]
current_hw_device [get_hw_devices xc7k160t_0]
refresh_hw_device -update_hw_probes false [lindex [get_hw_devices xc7k160t_0] 0]
INFO: [Labtools 27-1434] Device xc7k160t (JTAG device index = 0) is programmed with a design that has no supported debug core(s) in it.
set_property PROBES.FILE {} [get_hw_devices xc7k160t_0]
set_property FULL_PROBES.FILE {} [get_hw_devices xc7k160t_0]
set_property PROGRAM.FILE {E:/ComputerOrnazation/lab4_3/CSSET/CPU_test.runs/impl_1/CSSTE.bit} [get_hw_devices xc7k160t_0]
program_hw_devices [get_hw_devices xc7k160t_0]
INFO: [Labtools 27-3164] End of startup status: HIGH
program_hw_devices: Time (s): cpu = 00:00:14 ; elapsed = 00:00:14 . Memory (MB): peak = 3994.926 ; gain = 0.000
refresh_hw_device [lindex [get_hw_devices xc7k160t_0] 0]
INFO: [Labtools 27-1434] Device xc7k160t (JTAG device index = 0) is programmed with a design that has no supported debug core(s) in it.
set_property PROBES.FILE {} [get_hw_devices xc7k160t_0]
set_property FULL_PROBES.FILE {} [get_hw_devices xc7k160t_0]
set_property PROGRAM.FILE {E:/ComputerOrnazation/lab4_3/CSSET/CPU_test.runs/impl_1/CSSTE.bit} [get_hw_devices xc7k160t_0]
program_hw_devices [get_hw_devices xc7k160t_0]
INFO: [Labtools 27-3164] End of startup status: HIGH
program_hw_devices: Time (s): cpu = 00:00:15 ; elapsed = 00:00:14 . Memory (MB): peak = 3994.926 ; gain = 0.000
refresh_hw_device [lindex [get_hw_devices xc7k160t_0] 0]
INFO: [Labtools 27-1434] Device xc7k160t (JTAG device index = 0) is programmed with a design that has no supported debug core(s) in it.
close_hw_manager
exit
INFO: [Common 17-206] Exiting Vivado at Thu May 11 10:56:40 2023...
