#-----------------------------------------------------------
# Vivado v2020.2 (64-bit)
# SW Build 3064766 on Wed Nov 18 09:12:45 MST 2020
# IP Build 3064653 on Wed Nov 18 14:17:31 MST 2020
# Start of session at: Thu Mar  2 09:04:28 2023
# Process ID: 24236
# Current directory: E:/ComputerOrnazation/lab0/Water_LED
# Command line: vivado.exe -gui_launcher_event rodinguilauncherevent6832 E:\ComputerOrnazation\lab0\Water_LED\Water_LED.xpr
# Log file: E:/ComputerOrnazation/lab0/Water_LED/vivado.log
# Journal file: E:/ComputerOrnazation/lab0/Water_LED\vivado.jou
#-----------------------------------------------------------
start_gui
open_project E:/ComputerOrnazation/lab0/Water_LED/Water_LED.xpr
WARNING: [filemgmt 56-3] Default IP Output Path : Could not find the directory 'E:/ComputerOrnazation/lab0/Water_LED/Water_LED.gen/sources_1'.
Scanning sources...
Finished scanning sources
INFO: [IP_Flow 19-234] Refreshing IP repositories
INFO: [IP_Flow 19-1704] No user IP repositories specified
INFO: [IP_Flow 19-2313] Loaded Vivado IP repository 'E:/vivado/Vivado/2020.2/data/ip'.
update_compile_order -fileset sources_1
exit
INFO: [Common 17-206] Exiting Vivado at Thu Mar  2 09:06:59 2023...
