Vivado Simulator 2020.2
Copyright 1986-1999, 2001-2020 Xilinx, Inc. All Rights Reserved.
Running: E:/vivado/Vivado/2020.2/bin/unwrapped/win64.o/xelab.exe -wto dbd908a2a25d45078c80ee4296d47414 --incr --debug typical --relax --mt 2 -L xil_defaultlib -L xlslice_v1_0_2 -L xlconcat_v2_1_4 -L xlconstant_v1_1_7 -L unisims_ver -L unimacro_ver -L secureip -L xpm --snapshot OExp01_muxctrl_wrapper_behav xil_defaultlib.OExp01_muxctrl_wrapper xil_defaultlib.glbl -log elaborate.log 
Using 2 slave threads.
Starting static elaboration
Pass Through NonSizing Optimizer
Completed static elaboration
Starting simulation data flow analysis
Completed simulation data flow analysis
Time Resolution for simulation is 1ps
Compiling module xil_defaultlib.MUX2T1_5
Compiling module xil_defaultlib.OExp01_muxctrl_MUX2T1_5_0_0
Compiling module xil_defaultlib.OExp01_muxctrl_MUX2T1_5_1_0
Compiling module xil_defaultlib.MUX4T1_5
Compiling module xil_defaultlib.OExp01_muxctrl_MUX4T1_5_1_0
Compiling module xil_defaultlib.MUX8T1_8
Compiling module xil_defaultlib.OExp01_muxctrl_MUX8T1_8_0_0
Compiling module xlconcat_v2_1_4.xlconcat_v2_1_4_xlconcat(IN0_WID...
Compiling module xil_defaultlib.OExp01_muxctrl_xlconcat_0_0
Compiling module xil_defaultlib.OExp01_muxctrl_xlconcat_0_1
Compiling module xlconstant_v1_1_7.xlconstant_v1_1_7_xlconstant(CON...
Compiling module xil_defaultlib.OExp01_muxctrl_xlconstant_0_0
Compiling module xil_defaultlib.OExp01_muxctrl_xlconstant_0_1
Compiling module xlconstant_v1_1_7.xlconstant_v1_1_7_xlconstant(CON...
Compiling module xil_defaultlib.OExp01_muxctrl_xlconstant_0_2
Compiling module xlconstant_v1_1_7.xlconstant_v1_1_7_xlconstant
Compiling module xil_defaultlib.OExp01_muxctrl_xlconstant_0_3
Compiling module xlslice_v1_0_2.xlslice_v1_0_2_xlslice(DIN_WIDTH...
Compiling module xil_defaultlib.OExp01_muxctrl_xlslice_0_0
Compiling module xil_defaultlib.OExp01_muxctrl_xlslice_0_1
Compiling module xlslice_v1_0_2.xlslice_v1_0_2_xlslice(DIN_WIDTH...
Compiling module xil_defaultlib.OExp01_muxctrl_xlslice_0_2
Compiling module xil_defaultlib.OExp01_muxctrl_xlslice_2_0
Compiling module xil_defaultlib.OExp01_muxctrl
Compiling module xil_defaultlib.OExp01_muxctrl_wrapper
Compiling module xil_defaultlib.glbl
Built simulation snapshot OExp01_muxctrl_wrapper_behav
