INFO: [VRFC 10-2263] Analyzing Verilog file "E:/ComputerOrnazation/lab0/OExp01-muxctrl/OExp01-muxctrl.ip_user_files/bd/OExp01_muxctrl/ipshared/8109/MUX2T1_5.v" into library xil_defaultlib
INFO: [VRFC 10-311] analyzing module MUX2T1_5
INFO: [VRFC 10-2263] Analyzing Verilog file "E:/ComputerOrnazation/lab0/OExp01-muxctrl/OExp01-muxctrl.ip_user_files/bd/OExp01_muxctrl/ip/OExp01_muxctrl_MUX2T1_5_0_0/sim/OExp01_muxctrl_MUX2T1_5_0_0.v" into library xil_defaultlib
INFO: [VRFC 10-311] analyzing module OExp01_muxctrl_MUX2T1_5_0_0
INFO: [VRFC 10-2263] Analyzing Verilog file "E:/ComputerOrnazation/lab0/OExp01-muxctrl/OExp01-muxctrl.ip_user_files/bd/OExp01_muxctrl/ip/OExp01_muxctrl_MUX2T1_5_1_0/sim/OExp01_muxctrl_MUX2T1_5_1_0.v" into library xil_defaultlib
INFO: [VRFC 10-311] analyzing module OExp01_muxctrl_MUX2T1_5_1_0
INFO: [VRFC 10-2263] Analyzing Verilog file "E:/ComputerOrnazation/lab0/OExp01-muxctrl/OExp01-muxctrl.ip_user_files/bd/OExp01_muxctrl/ipshared/4dec/MUX4T1_5.v" into library xil_defaultlib
INFO: [VRFC 10-311] analyzing module MUX4T1_5
INFO: [VRFC 10-2263] Analyzing Verilog file "E:/ComputerOrnazation/lab0/OExp01-muxctrl/OExp01-muxctrl.ip_user_files/bd/OExp01_muxctrl/ip/OExp01_muxctrl_MUX4T1_5_1_0/sim/OExp01_muxctrl_MUX4T1_5_1_0.v" into library xil_defaultlib
INFO: [VRFC 10-311] analyzing module OExp01_muxctrl_MUX4T1_5_1_0
INFO: [VRFC 10-2263] Analyzing Verilog file "E:/ComputerOrnazation/lab0/OExp01-muxctrl/OExp01-muxctrl.ip_user_files/bd/OExp01_muxctrl/ip/OExp01_muxctrl_xlslice_0_0/sim/OExp01_muxctrl_xlslice_0_0.v" into library xil_defaultlib
INFO: [VRFC 10-311] analyzing module OExp01_muxctrl_xlslice_0_0
INFO: [VRFC 10-2263] Analyzing Verilog file "E:/ComputerOrnazation/lab0/OExp01-muxctrl/OExp01-muxctrl.ip_user_files/bd/OExp01_muxctrl/ip/OExp01_muxctrl_xlslice_0_1/sim/OExp01_muxctrl_xlslice_0_1.v" into library xil_defaultlib
INFO: [VRFC 10-311] analyzing module OExp01_muxctrl_xlslice_0_1
INFO: [VRFC 10-2263] Analyzing Verilog file "E:/ComputerOrnazation/lab0/OExp01-muxctrl/OExp01-muxctrl.ip_user_files/bd/OExp01_muxctrl/ip/OExp01_muxctrl_xlconcat_0_0/sim/OExp01_muxctrl_xlconcat_0_0.v" into library xil_defaultlib
INFO: [VRFC 10-311] analyzing module OExp01_muxctrl_xlconcat_0_0
INFO: [VRFC 10-2263] Analyzing Verilog file "E:/ComputerOrnazation/lab0/OExp01-muxctrl/OExp01-muxctrl.ip_user_files/bd/OExp01_muxctrl/ip/OExp01_muxctrl_xlconcat_0_1/sim/OExp01_muxctrl_xlconcat_0_1.v" into library xil_defaultlib
INFO: [VRFC 10-311] analyzing module OExp01_muxctrl_xlconcat_0_1
INFO: [VRFC 10-2263] Analyzing Verilog file "E:/ComputerOrnazation/lab0/OExp01-muxctrl/OExp01-muxctrl.ip_user_files/bd/OExp01_muxctrl/ip/OExp01_muxctrl_xlconstant_0_0/sim/OExp01_muxctrl_xlconstant_0_0.v" into library xil_defaultlib
INFO: [VRFC 10-311] analyzing module OExp01_muxctrl_xlconstant_0_0
INFO: [VRFC 10-2263] Analyzing Verilog file "E:/ComputerOrnazation/lab0/OExp01-muxctrl/OExp01-muxctrl.ip_user_files/bd/OExp01_muxctrl/ip/OExp01_muxctrl_xlconstant_0_1/sim/OExp01_muxctrl_xlconstant_0_1.v" into library xil_defaultlib
INFO: [VRFC 10-311] analyzing module OExp01_muxctrl_xlconstant_0_1
INFO: [VRFC 10-2263] Analyzing Verilog file "E:/ComputerOrnazation/lab0/OExp01-muxctrl/OExp01-muxctrl.ip_user_files/bd/OExp01_muxctrl/ip/OExp01_muxctrl_xlconstant_0_2/sim/OExp01_muxctrl_xlconstant_0_2.v" into library xil_defaultlib
INFO: [VRFC 10-311] analyzing module OExp01_muxctrl_xlconstant_0_2
INFO: [VRFC 10-2263] Analyzing Verilog file "E:/ComputerOrnazation/lab0/OExp01-muxctrl/OExp01-muxctrl.ip_user_files/bd/OExp01_muxctrl/ip/OExp01_muxctrl_xlconstant_0_3/sim/OExp01_muxctrl_xlconstant_0_3.v" into library xil_defaultlib
INFO: [VRFC 10-311] analyzing module OExp01_muxctrl_xlconstant_0_3
INFO: [VRFC 10-2263] Analyzing Verilog file "E:/ComputerOrnazation/lab0/OExp01-muxctrl/OExp01-muxctrl.ip_user_files/bd/OExp01_muxctrl/ipshared/b78a/MUX8T1_8.v" into library xil_defaultlib
INFO: [VRFC 10-311] analyzing module MUX8T1_8
INFO: [VRFC 10-2263] Analyzing Verilog file "E:/ComputerOrnazation/lab0/OExp01-muxctrl/OExp01-muxctrl.ip_user_files/bd/OExp01_muxctrl/ip/OExp01_muxctrl_MUX8T1_8_0_0/sim/OExp01_muxctrl_MUX8T1_8_0_0.v" into library xil_defaultlib
INFO: [VRFC 10-311] analyzing module OExp01_muxctrl_MUX8T1_8_0_0
INFO: [VRFC 10-2263] Analyzing Verilog file "E:/ComputerOrnazation/lab0/OExp01-muxctrl/OExp01-muxctrl.ip_user_files/bd/OExp01_muxctrl/ip/OExp01_muxctrl_xlslice_0_2/sim/OExp01_muxctrl_xlslice_0_2.v" into library xil_defaultlib
INFO: [VRFC 10-311] analyzing module OExp01_muxctrl_xlslice_0_2
INFO: [VRFC 10-2263] Analyzing Verilog file "E:/ComputerOrnazation/lab0/OExp01-muxctrl/OExp01-muxctrl.ip_user_files/bd/OExp01_muxctrl/ip/OExp01_muxctrl_xlslice_2_0/sim/OExp01_muxctrl_xlslice_2_0.v" into library xil_defaultlib
INFO: [VRFC 10-311] analyzing module OExp01_muxctrl_xlslice_2_0
INFO: [VRFC 10-2263] Analyzing Verilog file "E:/ComputerOrnazation/lab0/OExp01-muxctrl/OExp01-muxctrl.ip_user_files/bd/OExp01_muxctrl/sim/OExp01_muxctrl.v" into library xil_defaultlib
INFO: [VRFC 10-311] analyzing module OExp01_muxctrl
INFO: [VRFC 10-2263] Analyzing Verilog file "E:/ComputerOrnazation/lab0/OExp01-muxctrl/OExp01-muxctrl.gen/sources_1/bd/OExp01_muxctrl/hdl/OExp01_muxctrl_wrapper.v" into library xil_defaultlib
INFO: [VRFC 10-311] analyzing module OExp01_muxctrl_wrapper
INFO: [VRFC 10-2263] Analyzing Verilog file "E:/ComputerOrnazation/lab0/OExp01-muxctrl/OExp01-muxctrl.sim/sim_1/behav/xsim/glbl.v" into library xil_defaultlib
INFO: [VRFC 10-311] analyzing module glbl
