#-----------------------------------------------------------
# Vivado v2020.2 (64-bit)
# SW Build 3064766 on Wed Nov 18 09:12:45 MST 2020
# IP Build 3064653 on Wed Nov 18 14:17:31 MST 2020
# Start of session at: Wed May 31 13:41:59 2023
# Process ID: 15860
# Current directory: E:/ComputerOrnazation/lab5_4/CSSET
# Command line: vivado.exe -gui_launcher_event rodinguilauncherevent28976 E:\ComputerOrnazation\lab5_4\CSSET\CPU_test.xpr
# Log file: E:/ComputerOrnazation/lab5_4/CSSET/vivado.log
# Journal file: E:/ComputerOrnazation/lab5_4/CSSET\vivado.jou
#-----------------------------------------------------------
start_gui
open_project E:/ComputerOrnazation/lab5_4/CSSET/CPU_test.xpr
WARNING: [filemgmt 56-3] IP Repository Path: Could not find the directory 'E:/ComputerOrnazation/lab04'.
WARNING: [filemgmt 56-3] IP Repository Path: Could not find the directory 'E:/IP_yyf_all_right_reserved/LOGIC'.
WARNING: [filemgmt 56-3] IP Repository Path: Could not find the directory 'E:/lab01'.
WARNING: [filemgmt 56-3] IP Repository Path: Could not find the directory 'E:/IP_yyf_all_right_reserved/MUX'.
Scanning sources...
Finished scanning sources
INFO: [IP_Flow 19-234] Refreshing IP repositories
WARNING: [IP_Flow 19-2248] Failed to load user IP repository 'e:/ComputerOrnazation/lab04'; Can't find the specified path.
If this directory should no longer be in your list of user repositories, go to the IP Settings dialog and remove it.
WARNING: [IP_Flow 19-2248] Failed to load user IP repository 'e:/IP_yyf_all_right_reserved/LOGIC'; Can't find the specified path.
If this directory should no longer be in your list of user repositories, go to the IP Settings dialog and remove it.
WARNING: [IP_Flow 19-2248] Failed to load user IP repository 'e:/lab01'; Can't find the specified path.
If this directory should no longer be in your list of user repositories, go to the IP Settings dialog and remove it.
WARNING: [IP_Flow 19-2248] Failed to load user IP repository 'e:/IP_yyf_all_right_reserved/MUX'; Can't find the specified path.
If this directory should no longer be in your list of user repositories, go to the IP Settings dialog and remove it.
INFO: [IP_Flow 19-2313] Loaded Vivado IP repository 'E:/vivado/Vivado/2020.2/data/ip'.
open_project: Time (s): cpu = 00:00:12 ; elapsed = 00:00:06 . Memory (MB): peak = 1107.035 ; gain = 0.000
update_compile_order -fileset sources_1
open_hw_manager
reset_run impl_1 -prev_step 
launch_runs impl_1 -to_step write_bitstream -jobs 8
INFO: [Vivado 12-4149] The synthesis checkpoint for IP 'E:/ComputerOrnazation/lab5_4/CSSET/CPU_test.srcs/sources_1/ip/RAM_B_0/RAM_B_0.xci' is already up-to-date
[Wed May 31 13:48:18 2023] Launched impl_1...
Run output will be captured here: E:/ComputerOrnazation/lab5_4/CSSET/CPU_test.runs/impl_1/runme.log
exit
INFO: [Common 17-206] Exiting Vivado at Wed May 31 13:53:08 2023...
