#-----------------------------------------------------------
# Vivado v2020.2 (64-bit)
# SW Build 3064766 on Wed Nov 18 09:12:45 MST 2020
# IP Build 3064653 on Wed Nov 18 14:17:31 MST 2020
# Start of session at: Fri Mar 17 22:49:20 2023
# Process ID: 16592
# Current directory: E:/ComputerOrnazation/lab3/mul32
# Command line: vivado.exe -gui_launcher_event rodinguilauncherevent27644 E:\ComputerOrnazation\lab3\mul32\mul32.xpr
# Log file: E:/ComputerOrnazation/lab3/mul32/vivado.log
# Journal file: E:/ComputerOrnazation/lab3/mul32\vivado.jou
#-----------------------------------------------------------
start_gui
open_project E:/ComputerOrnazation/lab3/mul32/mul32.xpr
WARNING: [filemgmt 56-3] Default IP Output Path : Could not find the directory 'E:/ComputerOrnazation/lab3/mul32/mul32.gen/sources_1'.
Scanning sources...
Finished scanning sources
INFO: [IP_Flow 19-234] Refreshing IP repositories
INFO: [IP_Flow 19-1704] No user IP repositories specified
INFO: [IP_Flow 19-2313] Loaded Vivado IP repository 'E:/vivado/Vivado/2020.2/data/ip'.
update_compile_order -fileset sources_1
launch_simulation
Command: launch_simulation 
INFO: [Vivado 12-5682] Launching behavioral simulation in 'E:/ComputerOrnazation/lab3/mul32/mul32.sim/sim_1/behav/xsim'
INFO: [SIM-utils-51] Simulation object is 'sim_1'
INFO: [SIM-utils-54] Inspecting design source files for 'tb' in fileset 'sim_1'...
INFO: [USF-XSim-97] Finding global include files...
INFO: [USF-XSim-98] Fetching design files from 'sim_1'...
INFO: [USF-XSim-2] XSim::Compile design
INFO: [USF-XSim-61] Executing 'COMPILE and ANALYZE' step in 'E:/ComputerOrnazation/lab3/mul32/mul32.sim/sim_1/behav/xsim'
"xvlog --incr --relax -prj tb_vlog.prj"
INFO: [VRFC 10-2263] Analyzing Verilog file "E:/ComputerOrnazation/lab3/mul32/mul32.srcs/sources_1/new/mul32.v" into library xil_defaultlib
INFO: [VRFC 10-311] analyzing module mul32
INFO: [VRFC 10-2263] Analyzing Verilog file "E:/ComputerOrnazation/lab3/mul32/mul32.srcs/sim_1/new/mul32_tb.v" into library xil_defaultlib
INFO: [VRFC 10-311] analyzing module tb
INFO: [USF-XSim-69] 'compile' step finished in '1' seconds
INFO: [USF-XSim-3] XSim::Elaborate design
INFO: [USF-XSim-61] Executing 'ELABORATE' step in 'E:/ComputerOrnazation/lab3/mul32/mul32.sim/sim_1/behav/xsim'
"xelab -wto 4d31dfd38d54407c879e5fac0fcd15ff --incr --debug typical --relax --mt 2 -L xil_defaultlib -L unisims_ver -L unimacro_ver -L secureip --snapshot tb_behav xil_defaultlib.tb xil_defaultlib.glbl -log elaborate.log"
Vivado Simulator 2020.2
Copyright 1986-1999, 2001-2020 Xilinx, Inc. All Rights Reserved.
Running: E:/vivado/Vivado/2020.2/bin/unwrapped/win64.o/xelab.exe -wto 4d31dfd38d54407c879e5fac0fcd15ff --incr --debug typical --relax --mt 2 -L xil_defaultlib -L unisims_ver -L unimacro_ver -L secureip --snapshot tb_behav xil_defaultlib.tb xil_defaultlib.glbl -log elaborate.log 
Using 2 slave threads.
Starting static elaboration
Pass Through NonSizing Optimizer
Completed static elaboration
Starting simulation data flow analysis
Completed simulation data flow analysis
Time Resolution for simulation is 1ps
Compiling module xil_defaultlib.mul32
Compiling module xil_defaultlib.tb
Compiling module xil_defaultlib.glbl
Built simulation snapshot tb_behav
INFO: [USF-XSim-69] 'elaborate' step finished in '2' seconds
INFO: [USF-XSim-4] XSim::Simulate design
INFO: [USF-XSim-61] Executing 'SIMULATE' step in 'E:/ComputerOrnazation/lab3/mul32/mul32.sim/sim_1/behav/xsim'
INFO: [USF-XSim-98] *** Running xsim
   with args "tb_behav -key {Behavioral:sim_1:Functional:tb} -tclbatch {tb.tcl} -log {simulate.log}"
INFO: [USF-XSim-8] Loading simulator feature
Vivado Simulator 2020.2
Time resolution is 1 ps
source tb.tcl
# set curr_wave [current_wave_config]
# if { [string length $curr_wave] == 0 } {
#   if { [llength [get_objects]] > 0} {
#     add_wave /
#     set_property needs_save false [current_wave_config]
#   } else {
#      send_msg_id Add_Wave-1 WARNING "No top level signals found. Simulator will start without a wave window. If you want to open a wave window go to 'File->New Waveform Configuration' or type 'create_wave_config' in the TCL console."
#   }
# }
# run 5500ns
INFO: [USF-XSim-96] XSim completed. Design snapshot 'tb_behav' loaded.
INFO: [USF-XSim-97] XSim simulation ran for 5500ns
launch_simulation: Time (s): cpu = 00:00:06 ; elapsed = 00:00:06 . Memory (MB): peak = 1109.852 ; gain = 0.000
close_sim
INFO: [Simtcl 6-16] Simulation closed
launch_simulation
Command: launch_simulation 
INFO: [Vivado 12-5682] Launching behavioral simulation in 'E:/ComputerOrnazation/lab3/mul32/mul32.sim/sim_1/behav/xsim'
INFO: [SIM-utils-51] Simulation object is 'sim_1'
INFO: [SIM-utils-54] Inspecting design source files for 'tb' in fileset 'sim_1'...
INFO: [USF-XSim-97] Finding global include files...
INFO: [USF-XSim-98] Fetching design files from 'sim_1'...
INFO: [USF-XSim-2] XSim::Compile design
INFO: [USF-XSim-61] Executing 'COMPILE and ANALYZE' step in 'E:/ComputerOrnazation/lab3/mul32/mul32.sim/sim_1/behav/xsim'
"xvlog --incr --relax -prj tb_vlog.prj"
INFO: [VRFC 10-2263] Analyzing Verilog file "E:/ComputerOrnazation/lab3/mul32/mul32.srcs/sources_1/new/mul32.v" into library xil_defaultlib
INFO: [VRFC 10-311] analyzing module mul32
INFO: [VRFC 10-2263] Analyzing Verilog file "E:/ComputerOrnazation/lab3/mul32/mul32.srcs/sim_1/new/mul32_tb.v" into library xil_defaultlib
INFO: [VRFC 10-311] analyzing module tb
INFO: [USF-XSim-69] 'compile' step finished in '2' seconds
INFO: [USF-XSim-3] XSim::Elaborate design
INFO: [USF-XSim-61] Executing 'ELABORATE' step in 'E:/ComputerOrnazation/lab3/mul32/mul32.sim/sim_1/behav/xsim'
"xelab -wto 4d31dfd38d54407c879e5fac0fcd15ff --incr --debug typical --relax --mt 2 -L xil_defaultlib -L unisims_ver -L unimacro_ver -L secureip --snapshot tb_behav xil_defaultlib.tb xil_defaultlib.glbl -log elaborate.log"
Vivado Simulator 2020.2
Copyright 1986-1999, 2001-2020 Xilinx, Inc. All Rights Reserved.
Running: E:/vivado/Vivado/2020.2/bin/unwrapped/win64.o/xelab.exe -wto 4d31dfd38d54407c879e5fac0fcd15ff --incr --debug typical --relax --mt 2 -L xil_defaultlib -L unisims_ver -L unimacro_ver -L secureip --snapshot tb_behav xil_defaultlib.tb xil_defaultlib.glbl -log elaborate.log 
Using 2 slave threads.
Starting static elaboration
Pass Through NonSizing Optimizer
Completed static elaboration
Starting simulation data flow analysis
Completed simulation data flow analysis
Time Resolution for simulation is 1ps
Compiling module xil_defaultlib.mul32
Compiling module xil_defaultlib.tb
Compiling module xil_defaultlib.glbl
Built simulation snapshot tb_behav
INFO: [USF-XSim-69] 'elaborate' step finished in '2' seconds
INFO: [USF-XSim-4] XSim::Simulate design
INFO: [USF-XSim-61] Executing 'SIMULATE' step in 'E:/ComputerOrnazation/lab3/mul32/mul32.sim/sim_1/behav/xsim'
INFO: [USF-XSim-98] *** Running xsim
   with args "tb_behav -key {Behavioral:sim_1:Functional:tb} -tclbatch {tb.tcl} -log {simulate.log}"
INFO: [USF-XSim-8] Loading simulator feature
Vivado Simulator 2020.2
Time resolution is 1 ps
source tb.tcl
# set curr_wave [current_wave_config]
# if { [string length $curr_wave] == 0 } {
#   if { [llength [get_objects]] > 0} {
#     add_wave /
#     set_property needs_save false [current_wave_config]
#   } else {
#      send_msg_id Add_Wave-1 WARNING "No top level signals found. Simulator will start without a wave window. If you want to open a wave window go to 'File->New Waveform Configuration' or type 'create_wave_config' in the TCL console."
#   }
# }
# run 5500ns
INFO: [USF-XSim-96] XSim completed. Design snapshot 'tb_behav' loaded.
INFO: [USF-XSim-97] XSim simulation ran for 5500ns
launch_simulation: Time (s): cpu = 00:00:03 ; elapsed = 00:00:05 . Memory (MB): peak = 1110.121 ; gain = 0.270
close_sim
INFO: [Simtcl 6-16] Simulation closed
launch_simulation
Command: launch_simulation 
INFO: [Vivado 12-5682] Launching behavioral simulation in 'E:/ComputerOrnazation/lab3/mul32/mul32.sim/sim_1/behav/xsim'
INFO: [SIM-utils-51] Simulation object is 'sim_1'
INFO: [SIM-utils-54] Inspecting design source files for 'tb' in fileset 'sim_1'...
INFO: [USF-XSim-97] Finding global include files...
INFO: [USF-XSim-98] Fetching design files from 'sim_1'...
INFO: [USF-XSim-2] XSim::Compile design
INFO: [USF-XSim-61] Executing 'COMPILE and ANALYZE' step in 'E:/ComputerOrnazation/lab3/mul32/mul32.sim/sim_1/behav/xsim'
"xvlog --incr --relax -prj tb_vlog.prj"
INFO: [VRFC 10-2263] Analyzing Verilog file "E:/ComputerOrnazation/lab3/mul32/mul32.srcs/sources_1/new/mul32.v" into library xil_defaultlib
INFO: [VRFC 10-311] analyzing module mul32
INFO: [VRFC 10-2263] Analyzing Verilog file "E:/ComputerOrnazation/lab3/mul32/mul32.srcs/sim_1/new/mul32_tb.v" into library xil_defaultlib
INFO: [VRFC 10-311] analyzing module tb
ERROR: [VRFC 10-4982] syntax error near 'signed' [E:/ComputerOrnazation/lab3/mul32/mul32.srcs/sim_1/new/mul32_tb.v:26]
ERROR: [VRFC 10-2790] Verilog 2000 keyword signed used in incorrect context [E:/ComputerOrnazation/lab3/mul32/mul32.srcs/sim_1/new/mul32_tb.v:26]
ERROR: [VRFC 10-4982] syntax error near 'signed' [E:/ComputerOrnazation/lab3/mul32/mul32.srcs/sim_1/new/mul32_tb.v:27]
ERROR: [VRFC 10-2790] Verilog 2000 keyword signed used in incorrect context [E:/ComputerOrnazation/lab3/mul32/mul32.srcs/sim_1/new/mul32_tb.v:27]
INFO: [VRFC 10-2458] undeclared symbol A, assumed default net type wire [E:/ComputerOrnazation/lab3/mul32/mul32.srcs/sim_1/new/mul32_tb.v:84]
INFO: [VRFC 10-2458] undeclared symbol B, assumed default net type wire [E:/ComputerOrnazation/lab3/mul32/mul32.srcs/sim_1/new/mul32_tb.v:84]
ERROR: [VRFC 10-1280] procedural assignment to a non-register A is not permitted, left-hand side should be reg/integer/time/genvar [E:/ComputerOrnazation/lab3/mul32/mul32.srcs/sim_1/new/mul32_tb.v:34]
ERROR: [VRFC 10-1280] procedural assignment to a non-register B is not permitted, left-hand side should be reg/integer/time/genvar [E:/ComputerOrnazation/lab3/mul32/mul32.srcs/sim_1/new/mul32_tb.v:35]
ERROR: [VRFC 10-1280] procedural assignment to a non-register A is not permitted, left-hand side should be reg/integer/time/genvar [E:/ComputerOrnazation/lab3/mul32/mul32.srcs/sim_1/new/mul32_tb.v:40]
ERROR: [VRFC 10-1280] procedural assignment to a non-register B is not permitted, left-hand side should be reg/integer/time/genvar [E:/ComputerOrnazation/lab3/mul32/mul32.srcs/sim_1/new/mul32_tb.v:41]
ERROR: [VRFC 10-1280] procedural assignment to a non-register A is not permitted, left-hand side should be reg/integer/time/genvar [E:/ComputerOrnazation/lab3/mul32/mul32.srcs/sim_1/new/mul32_tb.v:46]
ERROR: [VRFC 10-1280] procedural assignment to a non-register B is not permitted, left-hand side should be reg/integer/time/genvar [E:/ComputerOrnazation/lab3/mul32/mul32.srcs/sim_1/new/mul32_tb.v:47]
ERROR: [VRFC 10-1280] procedural assignment to a non-register A is not permitted, left-hand side should be reg/integer/time/genvar [E:/ComputerOrnazation/lab3/mul32/mul32.srcs/sim_1/new/mul32_tb.v:52]
ERROR: [VRFC 10-1280] procedural assignment to a non-register B is not permitted, left-hand side should be reg/integer/time/genvar [E:/ComputerOrnazation/lab3/mul32/mul32.srcs/sim_1/new/mul32_tb.v:53]
ERROR: [VRFC 10-1280] procedural assignment to a non-register A is not permitted, left-hand side should be reg/integer/time/genvar [E:/ComputerOrnazation/lab3/mul32/mul32.srcs/sim_1/new/mul32_tb.v:58]
ERROR: [VRFC 10-1280] procedural assignment to a non-register B is not permitted, left-hand side should be reg/integer/time/genvar [E:/ComputerOrnazation/lab3/mul32/mul32.srcs/sim_1/new/mul32_tb.v:59]
ERROR: [VRFC 10-1280] procedural assignment to a non-register A is not permitted, left-hand side should be reg/integer/time/genvar [E:/ComputerOrnazation/lab3/mul32/mul32.srcs/sim_1/new/mul32_tb.v:64]
ERROR: [VRFC 10-1280] procedural assignment to a non-register B is not permitted, left-hand side should be reg/integer/time/genvar [E:/ComputerOrnazation/lab3/mul32/mul32.srcs/sim_1/new/mul32_tb.v:65]
ERROR: [VRFC 10-1280] procedural assignment to a non-register A is not permitted, left-hand side should be reg/integer/time/genvar [E:/ComputerOrnazation/lab3/mul32/mul32.srcs/sim_1/new/mul32_tb.v:70]
ERROR: [VRFC 10-1280] procedural assignment to a non-register B is not permitted, left-hand side should be reg/integer/time/genvar [E:/ComputerOrnazation/lab3/mul32/mul32.srcs/sim_1/new/mul32_tb.v:71]
ERROR: [VRFC 10-1280] procedural assignment to a non-register A is not permitted, left-hand side should be reg/integer/time/genvar [E:/ComputerOrnazation/lab3/mul32/mul32.srcs/sim_1/new/mul32_tb.v:76]
INFO: [#UNDEF] Sorry, too many errors..
INFO: [USF-XSim-69] 'compile' step finished in '3' seconds
INFO: [USF-XSim-99] Step results log file:'E:/ComputerOrnazation/lab3/mul32/mul32.sim/sim_1/behav/xsim/xvlog.log'
ERROR: [USF-XSim-62] 'compile' step failed with error(s). Please check the Tcl console output or 'E:/ComputerOrnazation/lab3/mul32/mul32.sim/sim_1/behav/xsim/xvlog.log' file for more information.
ERROR: [Vivado 12-4473] Detected error while running simulation. Please correct the issue and retry this operation.
ERROR: [Common 17-39] 'launch_simulation' failed due to earlier errors.
launch_simulation
Command: launch_simulation 
INFO: [Vivado 12-5682] Launching behavioral simulation in 'E:/ComputerOrnazation/lab3/mul32/mul32.sim/sim_1/behav/xsim'
INFO: [SIM-utils-51] Simulation object is 'sim_1'
INFO: [SIM-utils-54] Inspecting design source files for 'tb' in fileset 'sim_1'...
INFO: [USF-XSim-97] Finding global include files...
INFO: [USF-XSim-98] Fetching design files from 'sim_1'...
INFO: [USF-XSim-2] XSim::Compile design
INFO: [USF-XSim-61] Executing 'COMPILE and ANALYZE' step in 'E:/ComputerOrnazation/lab3/mul32/mul32.sim/sim_1/behav/xsim'
"xvlog --incr --relax -prj tb_vlog.prj"
INFO: [VRFC 10-2263] Analyzing Verilog file "E:/ComputerOrnazation/lab3/mul32/mul32.srcs/sources_1/new/mul32.v" into library xil_defaultlib
INFO: [VRFC 10-311] analyzing module mul32
INFO: [VRFC 10-2263] Analyzing Verilog file "E:/ComputerOrnazation/lab3/mul32/mul32.srcs/sim_1/new/mul32_tb.v" into library xil_defaultlib
INFO: [VRFC 10-311] analyzing module tb
INFO: [USF-XSim-69] 'compile' step finished in '1' seconds
INFO: [USF-XSim-3] XSim::Elaborate design
INFO: [USF-XSim-61] Executing 'ELABORATE' step in 'E:/ComputerOrnazation/lab3/mul32/mul32.sim/sim_1/behav/xsim'
"xelab -wto 4d31dfd38d54407c879e5fac0fcd15ff --incr --debug typical --relax --mt 2 -L xil_defaultlib -L unisims_ver -L unimacro_ver -L secureip --snapshot tb_behav xil_defaultlib.tb xil_defaultlib.glbl -log elaborate.log"
Vivado Simulator 2020.2
Copyright 1986-1999, 2001-2020 Xilinx, Inc. All Rights Reserved.
Running: E:/vivado/Vivado/2020.2/bin/unwrapped/win64.o/xelab.exe -wto 4d31dfd38d54407c879e5fac0fcd15ff --incr --debug typical --relax --mt 2 -L xil_defaultlib -L unisims_ver -L unimacro_ver -L secureip --snapshot tb_behav xil_defaultlib.tb xil_defaultlib.glbl -log elaborate.log 
Using 2 slave threads.
Starting static elaboration
Pass Through NonSizing Optimizer
Completed static elaboration
Starting simulation data flow analysis
Completed simulation data flow analysis
Time Resolution for simulation is 1ps
Compiling module xil_defaultlib.mul32
Compiling module xil_defaultlib.tb
Compiling module xil_defaultlib.glbl
Built simulation snapshot tb_behav
INFO: [USF-XSim-69] 'elaborate' step finished in '2' seconds
INFO: [USF-XSim-4] XSim::Simulate design
INFO: [USF-XSim-61] Executing 'SIMULATE' step in 'E:/ComputerOrnazation/lab3/mul32/mul32.sim/sim_1/behav/xsim'
INFO: [USF-XSim-98] *** Running xsim
   with args "tb_behav -key {Behavioral:sim_1:Functional:tb} -tclbatch {tb.tcl} -log {simulate.log}"
INFO: [USF-XSim-8] Loading simulator feature
Vivado Simulator 2020.2
Time resolution is 1 ps
source tb.tcl
# set curr_wave [current_wave_config]
# if { [string length $curr_wave] == 0 } {
#   if { [llength [get_objects]] > 0} {
#     add_wave /
#     set_property needs_save false [current_wave_config]
#   } else {
#      send_msg_id Add_Wave-1 WARNING "No top level signals found. Simulator will start without a wave window. If you want to open a wave window go to 'File->New Waveform Configuration' or type 'create_wave_config' in the TCL console."
#   }
# }
# run 5500ns
INFO: [USF-XSim-96] XSim completed. Design snapshot 'tb_behav' loaded.
INFO: [USF-XSim-97] XSim simulation ran for 5500ns
launch_simulation: Time (s): cpu = 00:00:02 ; elapsed = 00:00:05 . Memory (MB): peak = 1113.266 ; gain = 0.000
close_sim
INFO: [Simtcl 6-16] Simulation closed
launch_simulation
Command: launch_simulation 
INFO: [Vivado 12-5682] Launching behavioral simulation in 'E:/ComputerOrnazation/lab3/mul32/mul32.sim/sim_1/behav/xsim'
INFO: [SIM-utils-51] Simulation object is 'sim_1'
INFO: [SIM-utils-54] Inspecting design source files for 'tb' in fileset 'sim_1'...
INFO: [USF-XSim-97] Finding global include files...
INFO: [USF-XSim-98] Fetching design files from 'sim_1'...
INFO: [USF-XSim-2] XSim::Compile design
INFO: [USF-XSim-61] Executing 'COMPILE and ANALYZE' step in 'E:/ComputerOrnazation/lab3/mul32/mul32.sim/sim_1/behav/xsim'
"xvlog --incr --relax -prj tb_vlog.prj"
INFO: [VRFC 10-2263] Analyzing Verilog file "E:/ComputerOrnazation/lab3/mul32/mul32.srcs/sim_1/new/mul32_tb.v" into library xil_defaultlib
INFO: [VRFC 10-311] analyzing module tb
ERROR: [VRFC 10-4982] syntax error near '.' [E:/ComputerOrnazation/lab3/mul32/mul32.srcs/sim_1/new/mul32_tb.v:85]
ERROR: [VRFC 10-2865] module 'tb' ignored due to previous errors [E:/ComputerOrnazation/lab3/mul32/mul32.srcs/sim_1/new/mul32_tb.v:23]
INFO: [USF-XSim-69] 'compile' step finished in '1' seconds
INFO: [USF-XSim-99] Step results log file:'E:/ComputerOrnazation/lab3/mul32/mul32.sim/sim_1/behav/xsim/xvlog.log'
ERROR: [USF-XSim-62] 'compile' step failed with error(s). Please check the Tcl console output or 'E:/ComputerOrnazation/lab3/mul32/mul32.sim/sim_1/behav/xsim/xvlog.log' file for more information.
ERROR: [Vivado 12-4473] Detected error while running simulation. Please correct the issue and retry this operation.
ERROR: [Common 17-39] 'launch_simulation' failed due to earlier errors.
launch_simulation
Command: launch_simulation 
INFO: [Vivado 12-5682] Launching behavioral simulation in 'E:/ComputerOrnazation/lab3/mul32/mul32.sim/sim_1/behav/xsim'
INFO: [SIM-utils-51] Simulation object is 'sim_1'
INFO: [SIM-utils-54] Inspecting design source files for 'tb' in fileset 'sim_1'...
INFO: [USF-XSim-97] Finding global include files...
INFO: [USF-XSim-98] Fetching design files from 'sim_1'...
INFO: [USF-XSim-2] XSim::Compile design
INFO: [USF-XSim-61] Executing 'COMPILE and ANALYZE' step in 'E:/ComputerOrnazation/lab3/mul32/mul32.sim/sim_1/behav/xsim'
"xvlog --incr --relax -prj tb_vlog.prj"
INFO: [VRFC 10-2263] Analyzing Verilog file "E:/ComputerOrnazation/lab3/mul32/mul32.srcs/sources_1/new/mul32.v" into library xil_defaultlib
INFO: [VRFC 10-311] analyzing module mul32
INFO: [VRFC 10-2263] Analyzing Verilog file "E:/ComputerOrnazation/lab3/mul32/mul32.srcs/sim_1/new/mul32_tb.v" into library xil_defaultlib
INFO: [VRFC 10-311] analyzing module tb
INFO: [USF-XSim-69] 'compile' step finished in '2' seconds
INFO: [USF-XSim-3] XSim::Elaborate design
INFO: [USF-XSim-61] Executing 'ELABORATE' step in 'E:/ComputerOrnazation/lab3/mul32/mul32.sim/sim_1/behav/xsim'
"xelab -wto 4d31dfd38d54407c879e5fac0fcd15ff --incr --debug typical --relax --mt 2 -L xil_defaultlib -L unisims_ver -L unimacro_ver -L secureip --snapshot tb_behav xil_defaultlib.tb xil_defaultlib.glbl -log elaborate.log"
Vivado Simulator 2020.2
Copyright 1986-1999, 2001-2020 Xilinx, Inc. All Rights Reserved.
Running: E:/vivado/Vivado/2020.2/bin/unwrapped/win64.o/xelab.exe -wto 4d31dfd38d54407c879e5fac0fcd15ff --incr --debug typical --relax --mt 2 -L xil_defaultlib -L unisims_ver -L unimacro_ver -L secureip --snapshot tb_behav xil_defaultlib.tb xil_defaultlib.glbl -log elaborate.log 
Using 2 slave threads.
Starting static elaboration
Pass Through NonSizing Optimizer
Completed static elaboration
Starting simulation data flow analysis
Completed simulation data flow analysis
Time Resolution for simulation is 1ps
Compiling module xil_defaultlib.mul32
Compiling module xil_defaultlib.tb
Compiling module xil_defaultlib.glbl
Built simulation snapshot tb_behav
INFO: [USF-XSim-69] 'elaborate' step finished in '1' seconds
INFO: [USF-XSim-4] XSim::Simulate design
INFO: [USF-XSim-61] Executing 'SIMULATE' step in 'E:/ComputerOrnazation/lab3/mul32/mul32.sim/sim_1/behav/xsim'
INFO: [USF-XSim-98] *** Running xsim
   with args "tb_behav -key {Behavioral:sim_1:Functional:tb} -tclbatch {tb.tcl} -log {simulate.log}"
INFO: [USF-XSim-8] Loading simulator feature
Vivado Simulator 2020.2
Time resolution is 1 ps
source tb.tcl
# set curr_wave [current_wave_config]
# if { [string length $curr_wave] == 0 } {
#   if { [llength [get_objects]] > 0} {
#     add_wave /
#     set_property needs_save false [current_wave_config]
#   } else {
#      send_msg_id Add_Wave-1 WARNING "No top level signals found. Simulator will start without a wave window. If you want to open a wave window go to 'File->New Waveform Configuration' or type 'create_wave_config' in the TCL console."
#   }
# }
# run 5500ns
INFO: [USF-XSim-96] XSim completed. Design snapshot 'tb_behav' loaded.
INFO: [USF-XSim-97] XSim simulation ran for 5500ns
launch_simulation: Time (s): cpu = 00:00:02 ; elapsed = 00:00:05 . Memory (MB): peak = 1124.273 ; gain = 6.305
close_sim
INFO: [Simtcl 6-16] Simulation closed
launch_simulation
Command: launch_simulation 
INFO: [Vivado 12-5682] Launching behavioral simulation in 'E:/ComputerOrnazation/lab3/mul32/mul32.sim/sim_1/behav/xsim'
INFO: [SIM-utils-51] Simulation object is 'sim_1'
INFO: [SIM-utils-54] Inspecting design source files for 'tb' in fileset 'sim_1'...
INFO: [USF-XSim-97] Finding global include files...
INFO: [USF-XSim-98] Fetching design files from 'sim_1'...
INFO: [USF-XSim-2] XSim::Compile design
INFO: [USF-XSim-61] Executing 'COMPILE and ANALYZE' step in 'E:/ComputerOrnazation/lab3/mul32/mul32.sim/sim_1/behav/xsim'
"xvlog --incr --relax -prj tb_vlog.prj"
INFO: [VRFC 10-2263] Analyzing Verilog file "E:/ComputerOrnazation/lab3/mul32/mul32.srcs/sources_1/new/mul32.v" into library xil_defaultlib
INFO: [VRFC 10-311] analyzing module mul32
INFO: [VRFC 10-2263] Analyzing Verilog file "E:/ComputerOrnazation/lab3/mul32/mul32.srcs/sim_1/new/mul32_tb.v" into library xil_defaultlib
INFO: [VRFC 10-311] analyzing module tb
INFO: [USF-XSim-69] 'compile' step finished in '2' seconds
INFO: [USF-XSim-3] XSim::Elaborate design
INFO: [USF-XSim-61] Executing 'ELABORATE' step in 'E:/ComputerOrnazation/lab3/mul32/mul32.sim/sim_1/behav/xsim'
"xelab -wto 4d31dfd38d54407c879e5fac0fcd15ff --incr --debug typical --relax --mt 2 -L xil_defaultlib -L unisims_ver -L unimacro_ver -L secureip --snapshot tb_behav xil_defaultlib.tb xil_defaultlib.glbl -log elaborate.log"
Vivado Simulator 2020.2
Copyright 1986-1999, 2001-2020 Xilinx, Inc. All Rights Reserved.
Running: E:/vivado/Vivado/2020.2/bin/unwrapped/win64.o/xelab.exe -wto 4d31dfd38d54407c879e5fac0fcd15ff --incr --debug typical --relax --mt 2 -L xil_defaultlib -L unisims_ver -L unimacro_ver -L secureip --snapshot tb_behav xil_defaultlib.tb xil_defaultlib.glbl -log elaborate.log 
Using 2 slave threads.
Starting static elaboration
Pass Through NonSizing Optimizer
Completed static elaboration
Starting simulation data flow analysis
Completed simulation data flow analysis
Time Resolution for simulation is 1ps
Compiling module xil_defaultlib.mul32
Compiling module xil_defaultlib.tb
Compiling module xil_defaultlib.glbl
Built simulation snapshot tb_behav
INFO: [USF-XSim-69] 'elaborate' step finished in '2' seconds
INFO: [USF-XSim-4] XSim::Simulate design
INFO: [USF-XSim-61] Executing 'SIMULATE' step in 'E:/ComputerOrnazation/lab3/mul32/mul32.sim/sim_1/behav/xsim'
INFO: [USF-XSim-98] *** Running xsim
   with args "tb_behav -key {Behavioral:sim_1:Functional:tb} -tclbatch {tb.tcl} -log {simulate.log}"
INFO: [USF-XSim-8] Loading simulator feature
Vivado Simulator 2020.2
Time resolution is 1 ps
source tb.tcl
# set curr_wave [current_wave_config]
# if { [string length $curr_wave] == 0 } {
#   if { [llength [get_objects]] > 0} {
#     add_wave /
#     set_property needs_save false [current_wave_config]
#   } else {
#      send_msg_id Add_Wave-1 WARNING "No top level signals found. Simulator will start without a wave window. If you want to open a wave window go to 'File->New Waveform Configuration' or type 'create_wave_config' in the TCL console."
#   }
# }
# run 5500ns
INFO: [USF-XSim-96] XSim completed. Design snapshot 'tb_behav' loaded.
INFO: [USF-XSim-97] XSim simulation ran for 5500ns
launch_simulation: Time (s): cpu = 00:00:03 ; elapsed = 00:00:06 . Memory (MB): peak = 1578.715 ; gain = 0.000
close_sim
INFO: [Simtcl 6-16] Simulation closed
launch_simulation
Command: launch_simulation 
INFO: [Vivado 12-5682] Launching behavioral simulation in 'E:/ComputerOrnazation/lab3/mul32/mul32.sim/sim_1/behav/xsim'
INFO: [SIM-utils-51] Simulation object is 'sim_1'
INFO: [SIM-utils-54] Inspecting design source files for 'tb' in fileset 'sim_1'...
INFO: [USF-XSim-97] Finding global include files...
INFO: [USF-XSim-98] Fetching design files from 'sim_1'...
INFO: [USF-XSim-2] XSim::Compile design
INFO: [USF-XSim-61] Executing 'COMPILE and ANALYZE' step in 'E:/ComputerOrnazation/lab3/mul32/mul32.sim/sim_1/behav/xsim'
"xvlog --incr --relax -prj tb_vlog.prj"
INFO: [VRFC 10-2263] Analyzing Verilog file "E:/ComputerOrnazation/lab3/mul32/mul32.srcs/sources_1/new/mul32.v" into library xil_defaultlib
INFO: [VRFC 10-311] analyzing module mul32
INFO: [VRFC 10-2263] Analyzing Verilog file "E:/ComputerOrnazation/lab3/mul32/mul32.srcs/sim_1/new/mul32_tb.v" into library xil_defaultlib
INFO: [VRFC 10-311] analyzing module tb
INFO: [USF-XSim-69] 'compile' step finished in '2' seconds
INFO: [USF-XSim-3] XSim::Elaborate design
INFO: [USF-XSim-61] Executing 'ELABORATE' step in 'E:/ComputerOrnazation/lab3/mul32/mul32.sim/sim_1/behav/xsim'
"xelab -wto 4d31dfd38d54407c879e5fac0fcd15ff --incr --debug typical --relax --mt 2 -L xil_defaultlib -L unisims_ver -L unimacro_ver -L secureip --snapshot tb_behav xil_defaultlib.tb xil_defaultlib.glbl -log elaborate.log"
Vivado Simulator 2020.2
Copyright 1986-1999, 2001-2020 Xilinx, Inc. All Rights Reserved.
Running: E:/vivado/Vivado/2020.2/bin/unwrapped/win64.o/xelab.exe -wto 4d31dfd38d54407c879e5fac0fcd15ff --incr --debug typical --relax --mt 2 -L xil_defaultlib -L unisims_ver -L unimacro_ver -L secureip --snapshot tb_behav xil_defaultlib.tb xil_defaultlib.glbl -log elaborate.log 
Using 2 slave threads.
Starting static elaboration
Pass Through NonSizing Optimizer
Completed static elaboration
Starting simulation data flow analysis
Completed simulation data flow analysis
Time Resolution for simulation is 1ps
Compiling module xil_defaultlib.mul32
Compiling module xil_defaultlib.tb
Compiling module xil_defaultlib.glbl
Built simulation snapshot tb_behav
INFO: [USF-XSim-69] 'elaborate' step finished in '1' seconds
INFO: [USF-XSim-4] XSim::Simulate design
INFO: [USF-XSim-61] Executing 'SIMULATE' step in 'E:/ComputerOrnazation/lab3/mul32/mul32.sim/sim_1/behav/xsim'
INFO: [USF-XSim-98] *** Running xsim
   with args "tb_behav -key {Behavioral:sim_1:Functional:tb} -tclbatch {tb.tcl} -log {simulate.log}"
INFO: [USF-XSim-8] Loading simulator feature
Vivado Simulator 2020.2
Time resolution is 1 ps
source tb.tcl
# set curr_wave [current_wave_config]
# if { [string length $curr_wave] == 0 } {
#   if { [llength [get_objects]] > 0} {
#     add_wave /
#     set_property needs_save false [current_wave_config]
#   } else {
#      send_msg_id Add_Wave-1 WARNING "No top level signals found. Simulator will start without a wave window. If you want to open a wave window go to 'File->New Waveform Configuration' or type 'create_wave_config' in the TCL console."
#   }
# }
# run 5500ns
INFO: [USF-XSim-96] XSim completed. Design snapshot 'tb_behav' loaded.
INFO: [USF-XSim-97] XSim simulation ran for 5500ns
launch_simulation: Time (s): cpu = 00:00:03 ; elapsed = 00:00:05 . Memory (MB): peak = 1578.715 ; gain = 0.000
close_sim
INFO: [Simtcl 6-16] Simulation closed
launch_simulation
Command: launch_simulation 
INFO: [Vivado 12-5682] Launching behavioral simulation in 'E:/ComputerOrnazation/lab3/mul32/mul32.sim/sim_1/behav/xsim'
INFO: [SIM-utils-51] Simulation object is 'sim_1'
INFO: [SIM-utils-54] Inspecting design source files for 'tb' in fileset 'sim_1'...
INFO: [USF-XSim-97] Finding global include files...
INFO: [USF-XSim-98] Fetching design files from 'sim_1'...
INFO: [USF-XSim-2] XSim::Compile design
INFO: [USF-XSim-61] Executing 'COMPILE and ANALYZE' step in 'E:/ComputerOrnazation/lab3/mul32/mul32.sim/sim_1/behav/xsim'
"xvlog --incr --relax -prj tb_vlog.prj"
INFO: [VRFC 10-2263] Analyzing Verilog file "E:/ComputerOrnazation/lab3/mul32/mul32.srcs/sources_1/new/mul32.v" into library xil_defaultlib
INFO: [VRFC 10-311] analyzing module mul32
INFO: [VRFC 10-2263] Analyzing Verilog file "E:/ComputerOrnazation/lab3/mul32/mul32.srcs/sim_1/new/mul32_tb.v" into library xil_defaultlib
INFO: [VRFC 10-311] analyzing module tb
INFO: [USF-XSim-69] 'compile' step finished in '2' seconds
INFO: [USF-XSim-3] XSim::Elaborate design
INFO: [USF-XSim-61] Executing 'ELABORATE' step in 'E:/ComputerOrnazation/lab3/mul32/mul32.sim/sim_1/behav/xsim'
"xelab -wto 4d31dfd38d54407c879e5fac0fcd15ff --incr --debug typical --relax --mt 2 -L xil_defaultlib -L unisims_ver -L unimacro_ver -L secureip --snapshot tb_behav xil_defaultlib.tb xil_defaultlib.glbl -log elaborate.log"
Vivado Simulator 2020.2
Copyright 1986-1999, 2001-2020 Xilinx, Inc. All Rights Reserved.
Running: E:/vivado/Vivado/2020.2/bin/unwrapped/win64.o/xelab.exe -wto 4d31dfd38d54407c879e5fac0fcd15ff --incr --debug typical --relax --mt 2 -L xil_defaultlib -L unisims_ver -L unimacro_ver -L secureip --snapshot tb_behav xil_defaultlib.tb xil_defaultlib.glbl -log elaborate.log 
Using 2 slave threads.
Starting static elaboration
Pass Through NonSizing Optimizer
Completed static elaboration
Starting simulation data flow analysis
Completed simulation data flow analysis
Time Resolution for simulation is 1ps
Compiling module xil_defaultlib.mul32
Compiling module xil_defaultlib.tb
Compiling module xil_defaultlib.glbl
Built simulation snapshot tb_behav
INFO: [USF-XSim-69] 'elaborate' step finished in '1' seconds
INFO: [USF-XSim-4] XSim::Simulate design
INFO: [USF-XSim-61] Executing 'SIMULATE' step in 'E:/ComputerOrnazation/lab3/mul32/mul32.sim/sim_1/behav/xsim'
INFO: [USF-XSim-98] *** Running xsim
   with args "tb_behav -key {Behavioral:sim_1:Functional:tb} -tclbatch {tb.tcl} -log {simulate.log}"
INFO: [USF-XSim-8] Loading simulator feature
Vivado Simulator 2020.2
Time resolution is 1 ps
source tb.tcl
# set curr_wave [current_wave_config]
# if { [string length $curr_wave] == 0 } {
#   if { [llength [get_objects]] > 0} {
#     add_wave /
#     set_property needs_save false [current_wave_config]
#   } else {
#      send_msg_id Add_Wave-1 WARNING "No top level signals found. Simulator will start without a wave window. If you want to open a wave window go to 'File->New Waveform Configuration' or type 'create_wave_config' in the TCL console."
#   }
# }
# run 5500ns
INFO: [USF-XSim-96] XSim completed. Design snapshot 'tb_behav' loaded.
INFO: [USF-XSim-97] XSim simulation ran for 5500ns
launch_simulation: Time (s): cpu = 00:00:03 ; elapsed = 00:00:05 . Memory (MB): peak = 1578.715 ; gain = 0.000
close_sim
INFO: [Simtcl 6-16] Simulation closed
launch_simulation
Command: launch_simulation 
INFO: [Vivado 12-5682] Launching behavioral simulation in 'E:/ComputerOrnazation/lab3/mul32/mul32.sim/sim_1/behav/xsim'
INFO: [SIM-utils-51] Simulation object is 'sim_1'
INFO: [SIM-utils-54] Inspecting design source files for 'tb' in fileset 'sim_1'...
INFO: [USF-XSim-97] Finding global include files...
INFO: [USF-XSim-98] Fetching design files from 'sim_1'...
INFO: [USF-XSim-2] XSim::Compile design
INFO: [USF-XSim-61] Executing 'COMPILE and ANALYZE' step in 'E:/ComputerOrnazation/lab3/mul32/mul32.sim/sim_1/behav/xsim'
"xvlog --incr --relax -prj tb_vlog.prj"
INFO: [VRFC 10-2263] Analyzing Verilog file "E:/ComputerOrnazation/lab3/mul32/mul32.srcs/sources_1/new/mul32.v" into library xil_defaultlib
INFO: [VRFC 10-311] analyzing module mul32
INFO: [VRFC 10-2263] Analyzing Verilog file "E:/ComputerOrnazation/lab3/mul32/mul32.srcs/sim_1/new/mul32_tb.v" into library xil_defaultlib
INFO: [VRFC 10-311] analyzing module tb
INFO: [USF-XSim-69] 'compile' step finished in '1' seconds
INFO: [USF-XSim-3] XSim::Elaborate design
INFO: [USF-XSim-61] Executing 'ELABORATE' step in 'E:/ComputerOrnazation/lab3/mul32/mul32.sim/sim_1/behav/xsim'
"xelab -wto 4d31dfd38d54407c879e5fac0fcd15ff --incr --debug typical --relax --mt 2 -L xil_defaultlib -L unisims_ver -L unimacro_ver -L secureip --snapshot tb_behav xil_defaultlib.tb xil_defaultlib.glbl -log elaborate.log"
Vivado Simulator 2020.2
Copyright 1986-1999, 2001-2020 Xilinx, Inc. All Rights Reserved.
Running: E:/vivado/Vivado/2020.2/bin/unwrapped/win64.o/xelab.exe -wto 4d31dfd38d54407c879e5fac0fcd15ff --incr --debug typical --relax --mt 2 -L xil_defaultlib -L unisims_ver -L unimacro_ver -L secureip --snapshot tb_behav xil_defaultlib.tb xil_defaultlib.glbl -log elaborate.log 
Using 2 slave threads.
Starting static elaboration
Pass Through NonSizing Optimizer
Completed static elaboration
Starting simulation data flow analysis
Completed simulation data flow analysis
Time Resolution for simulation is 1ps
Compiling module xil_defaultlib.mul32
Compiling module xil_defaultlib.tb
Compiling module xil_defaultlib.glbl
Built simulation snapshot tb_behav
INFO: [USF-XSim-69] 'elaborate' step finished in '2' seconds
INFO: [USF-XSim-4] XSim::Simulate design
INFO: [USF-XSim-61] Executing 'SIMULATE' step in 'E:/ComputerOrnazation/lab3/mul32/mul32.sim/sim_1/behav/xsim'
INFO: [USF-XSim-98] *** Running xsim
   with args "tb_behav -key {Behavioral:sim_1:Functional:tb} -tclbatch {tb.tcl} -log {simulate.log}"
INFO: [USF-XSim-8] Loading simulator feature
Vivado Simulator 2020.2
Time resolution is 1 ps
source tb.tcl
# set curr_wave [current_wave_config]
# if { [string length $curr_wave] == 0 } {
#   if { [llength [get_objects]] > 0} {
#     add_wave /
#     set_property needs_save false [current_wave_config]
#   } else {
#      send_msg_id Add_Wave-1 WARNING "No top level signals found. Simulator will start without a wave window. If you want to open a wave window go to 'File->New Waveform Configuration' or type 'create_wave_config' in the TCL console."
#   }
# }
# run 5500ns
INFO: [USF-XSim-96] XSim completed. Design snapshot 'tb_behav' loaded.
INFO: [USF-XSim-97] XSim simulation ran for 5500ns
launch_simulation: Time (s): cpu = 00:00:03 ; elapsed = 00:00:05 . Memory (MB): peak = 1578.715 ; gain = 0.000
close_sim
INFO: [Simtcl 6-16] Simulation closed
launch_simulation
Command: launch_simulation 
INFO: [Vivado 12-5682] Launching behavioral simulation in 'E:/ComputerOrnazation/lab3/mul32/mul32.sim/sim_1/behav/xsim'
INFO: [SIM-utils-51] Simulation object is 'sim_1'
INFO: [SIM-utils-54] Inspecting design source files for 'tb' in fileset 'sim_1'...
INFO: [USF-XSim-97] Finding global include files...
INFO: [USF-XSim-98] Fetching design files from 'sim_1'...
INFO: [USF-XSim-2] XSim::Compile design
INFO: [USF-XSim-61] Executing 'COMPILE and ANALYZE' step in 'E:/ComputerOrnazation/lab3/mul32/mul32.sim/sim_1/behav/xsim'
"xvlog --incr --relax -prj tb_vlog.prj"
INFO: [VRFC 10-2263] Analyzing Verilog file "E:/ComputerOrnazation/lab3/mul32/mul32.srcs/sources_1/new/mul32.v" into library xil_defaultlib
INFO: [VRFC 10-311] analyzing module mul32
INFO: [VRFC 10-2263] Analyzing Verilog file "E:/ComputerOrnazation/lab3/mul32/mul32.srcs/sim_1/new/mul32_tb.v" into library xil_defaultlib
INFO: [VRFC 10-311] analyzing module tb
INFO: [USF-XSim-69] 'compile' step finished in '2' seconds
INFO: [USF-XSim-3] XSim::Elaborate design
INFO: [USF-XSim-61] Executing 'ELABORATE' step in 'E:/ComputerOrnazation/lab3/mul32/mul32.sim/sim_1/behav/xsim'
"xelab -wto 4d31dfd38d54407c879e5fac0fcd15ff --incr --debug typical --relax --mt 2 -L xil_defaultlib -L unisims_ver -L unimacro_ver -L secureip --snapshot tb_behav xil_defaultlib.tb xil_defaultlib.glbl -log elaborate.log"
Vivado Simulator 2020.2
Copyright 1986-1999, 2001-2020 Xilinx, Inc. All Rights Reserved.
Running: E:/vivado/Vivado/2020.2/bin/unwrapped/win64.o/xelab.exe -wto 4d31dfd38d54407c879e5fac0fcd15ff --incr --debug typical --relax --mt 2 -L xil_defaultlib -L unisims_ver -L unimacro_ver -L secureip --snapshot tb_behav xil_defaultlib.tb xil_defaultlib.glbl -log elaborate.log 
Using 2 slave threads.
Starting static elaboration
Pass Through NonSizing Optimizer
Completed static elaboration
Starting simulation data flow analysis
Completed simulation data flow analysis
Time Resolution for simulation is 1ps
Compiling module xil_defaultlib.mul32
Compiling module xil_defaultlib.tb
Compiling module xil_defaultlib.glbl
Built simulation snapshot tb_behav
INFO: [USF-XSim-69] 'elaborate' step finished in '1' seconds
INFO: [USF-XSim-4] XSim::Simulate design
INFO: [USF-XSim-61] Executing 'SIMULATE' step in 'E:/ComputerOrnazation/lab3/mul32/mul32.sim/sim_1/behav/xsim'
INFO: [USF-XSim-98] *** Running xsim
   with args "tb_behav -key {Behavioral:sim_1:Functional:tb} -tclbatch {tb.tcl} -log {simulate.log}"
INFO: [USF-XSim-8] Loading simulator feature
Vivado Simulator 2020.2
Time resolution is 1 ps
source tb.tcl
# set curr_wave [current_wave_config]
# if { [string length $curr_wave] == 0 } {
#   if { [llength [get_objects]] > 0} {
#     add_wave /
#     set_property needs_save false [current_wave_config]
#   } else {
#      send_msg_id Add_Wave-1 WARNING "No top level signals found. Simulator will start without a wave window. If you want to open a wave window go to 'File->New Waveform Configuration' or type 'create_wave_config' in the TCL console."
#   }
# }
# run 5500ns
INFO: [USF-XSim-96] XSim completed. Design snapshot 'tb_behav' loaded.
INFO: [USF-XSim-97] XSim simulation ran for 5500ns
launch_simulation: Time (s): cpu = 00:00:03 ; elapsed = 00:00:05 . Memory (MB): peak = 1578.715 ; gain = 0.000
close_sim
INFO: [Simtcl 6-16] Simulation closed
exit
INFO: [Common 17-206] Exiting Vivado at Fri Mar 17 23:14:59 2023...
