#-----------------------------------------------------------
# Vivado v2020.2 (64-bit)
# SW Build 3064766 on Wed Nov 18 09:12:45 MST 2020
# IP Build 3064653 on Wed Nov 18 14:17:31 MST 2020
# Start of session at: Thu Mar 16 18:08:46 2023
# Process ID: 21200
# Current directory: E:/ComputerOrnazation/lab3/div32
# Command line: vivado.exe -gui_launcher_event rodinguilauncherevent27464 E:\ComputerOrnazation\lab3\div32\div32.xpr
# Log file: E:/ComputerOrnazation/lab3/div32/vivado.log
# Journal file: E:/ComputerOrnazation/lab3/div32\vivado.jou
#-----------------------------------------------------------
start_gui
open_project E:/ComputerOrnazation/lab3/div32/div32.xpr
INFO: [Project 1-313] Project file moved from 'C:/Users/HP/Desktop/计组/RISC-V-CPU-master/lab3/div32' since last save.
WARNING: [filemgmt 56-2] Default IP Output Path : Could not find the directory 'E:/ComputerOrnazation/lab3/div32/div32.gen/sources_1', nor could it be found using path 'C:/Users/HP/Desktop/计组/RISC-V-CPU-master/lab3/div32/div32.gen/sources_1'.
Scanning sources...
Finished scanning sources
INFO: [IP_Flow 19-234] Refreshing IP repositories
INFO: [IP_Flow 19-1704] No user IP repositories specified
INFO: [IP_Flow 19-2313] Loaded Vivado IP repository 'E:/vivado/Vivado/2020.2/data/ip'.
update_compile_order -fileset sources_1
exit
INFO: [Common 17-206] Exiting Vivado at Thu Mar 16 18:32:30 2023...
