#-----------------------------------------------------------
# Vivado v2020.2 (64-bit)
# SW Build 3064766 on Wed Nov 18 09:12:45 MST 2020
# IP Build 3064653 on Wed Nov 18 14:17:31 MST 2020
# Start of session at: Mon Mar  6 09:15:07 2023
# Process ID: 12484
# Current directory: E:/ComputerOrnazation/lab0/ALU/ALU.sim/sim_1/behav/xsim
# Command line: vivado.exe -gui_launcher_event rodinguilauncherevent27308 E:\ComputerOrnazation\lab0\ALU\ALU.sim\sim_1\behav\xsim\ALU_tb_behav.wdb
# Log file: E:/ComputerOrnazation/lab0/ALU/ALU.sim/sim_1/behav/xsim/vivado.log
# Journal file: E:/ComputerOrnazation/lab0/ALU/ALU.sim/sim_1/behav/xsim\vivado.jou
#-----------------------------------------------------------
start_gui
open_wave_database {E:\ComputerOrnazation\lab0\ALU\ALU.sim\sim_1\behav\xsim\ALU_tb_behav.wdb}
INFO: [IP_Flow 19-234] Refreshing IP repositories
INFO: [IP_Flow 19-1704] No user IP repositories specified
INFO: [IP_Flow 19-2313] Loaded Vivado IP repository 'E:/vivado/Vivado/2020.2/data/ip'.
close_sim
INFO: [Simtcl 6-16] Simulation closed
exit
INFO: [Common 17-206] Exiting Vivado at Mon Mar  6 09:15:37 2023...
