Copyright 1986-2020 Xilinx, Inc. All Rights Reserved.
------------------------------------------------------------------------------------
| Tool Version : Vivado v.2020.2 (win64) Build 3064766 Wed Nov 18 09:12:45 MST 2020
| Date         : Wed Apr 12 14:49:55 2023
| Host         : MAXWELL running 64-bit major release  (build 9200)
| Command      : report_control_sets -verbose -file CSSTE_control_sets_placed.rpt
| Design       : CSSTE
| Device       : xc7k160t
------------------------------------------------------------------------------------

Control Set Information

Table of Contents
-----------------
1. Summary
2. Histogram
3. Flip-Flop Distribution
4. Detailed Control Set Information

1. Summary
----------

+----------------------------------------------------------+-------+
|                          Status                          | Count |
+----------------------------------------------------------+-------+
| Total control sets                                       |   128 |
|    Minimum number of control sets                        |   128 |
|    Addition due to synthesis replication                 |     0 |
|    Addition due to physical synthesis replication        |     0 |
| Unused register locations in slices containing registers |   118 |
+----------------------------------------------------------+-------+
* Control sets can be merged at opt_design using control_set_merge or merge_equivalent_drivers
** Run report_qor_suggestions for automated merging and remapping suggestions


2. Histogram
------------

+--------------------+-------+
|       Fanout       | Count |
+--------------------+-------+
| Total control sets |   128 |
| >= 0 to < 4        |     9 |
| >= 4 to < 6        |     3 |
| >= 6 to < 8        |     2 |
| >= 8 to < 10       |     0 |
| >= 10 to < 12      |     1 |
| >= 12 to < 14      |    65 |
| >= 14 to < 16      |     0 |
| >= 16              |    48 |
+--------------------+-------+
* Control sets can be remapped at either synth_design or opt_design


3. Flip-Flop Distribution
-------------------------

+--------------+-----------------------+------------------------+-----------------+--------------+
| Clock Enable | Synchronous Set/Reset | Asynchronous Set/Reset | Total Registers | Total Slices |
+--------------+-----------------------+------------------------+-----------------+--------------+
| No           | No                    | No                     |              37 |           17 |
| No           | No                    | Yes                    |              72 |           20 |
| No           | Yes                   | No                     |              34 |           11 |
| Yes          | No                    | No                     |             145 |           75 |
| Yes          | No                    | Yes                    |            1224 |          533 |
| Yes          | Yes                   | No                     |              74 |           20 |
+--------------+-----------------------+------------------------+-----------------+--------------+


4. Detailed Control Set Information
-----------------------------------

+------------------------------+---------------------------------------+-------------------------------------------+------------------+----------------+--------------+
|         Clock Signal         |             Enable Signal             |              Set/Reset Signal             | Slice Load Count | Bel Load Count | Bels / Slice |
+------------------------------+---------------------------------------+-------------------------------------------+------------------+----------------+--------------+
|  U8/clkdiv_BUFG[6]           |                                       |                                           |                1 |              1 |         1.00 |
|  U8/clkdiv_BUFG[11]          |                                       |                                           |                1 |              1 |         1.00 |
|  U8/clkdiv_BUFG[11]          |                                       | U9/rst                                    |                1 |              1 |         1.00 |
|  clk_100mhz_IBUF_BUFG        | U6/inst/M2/EN_i_1_n_0                 | U9/rst                                    |                1 |              1 |         1.00 |
|  U8/clkdiv_BUFG[9]           |                                       |                                           |                1 |              1 |         1.00 |
|  U8/clkdiv_BUFG[9]           |                                       | U9/rst                                    |                1 |              1 |         1.00 |
|  U1/U1/ImmSel_reg[1]_i_1_n_0 |                                       |                                           |                1 |              2 |         2.00 |
|  U8/clkdiv_BUFG[6]           |                                       | U9/rst                                    |                1 |              2 |         2.00 |
|  clk_100mhz_IBUF_BUFG        | U6/inst/M2/state                      | U9/rst                                    |                1 |              3 |         3.00 |
| ~U8/Clk_CPU_BUFG             |                                       | U9/rst                                    |                1 |              4 |         4.00 |
| ~U8/Clk_CPU_BUFG             | U7/LED_P2S/shift_count[3]_i_1_n_0     | U9/rst                                    |                1 |              4 |         4.00 |
| ~U8/Clk_CPU_BUFG             |                                       |                                           |                4 |              5 |         1.25 |
|  clk_100mhz_IBUF_BUFG        | U6/inst/M2/shift_count[5]_i_1_n_0     | U9/rst                                    |                2 |              6 |         3.00 |
| ~U8/Clk_CPU_BUFG             | U10/counter_Ctrl                      | U9/rst                                    |                2 |              6 |         3.00 |
|  U8/clkdiv_BUFG[1]           | U11/vga_controller/v_count            | U9/rst                                    |                4 |             10 |         2.50 |
|  clk_100mhz_IBUF_BUFG        | U11/vga_debugger/vga_b[0]_49          |                                           |                4 |             12 |         3.00 |
|  clk_100mhz_IBUF_BUFG        | U11/vga_debugger/vga_b[0]_12          |                                           |                4 |             12 |         3.00 |
|  clk_100mhz_IBUF_BUFG        | U11/vga_debugger/vga_b[0]_48          |                                           |                4 |             12 |         3.00 |
|  clk_100mhz_IBUF_BUFG        | U11/vga_debugger/vga_b[0]_3           |                                           |                4 |             12 |         3.00 |
|  clk_100mhz_IBUF_BUFG        | U11/vga_debugger/vga_b[0]_26          |                                           |                4 |             12 |         3.00 |
|  clk_100mhz_IBUF_BUFG        | U11/vga_debugger/vga_b[0]_50          |                                           |                4 |             12 |         3.00 |
|  clk_100mhz_IBUF_BUFG        | U11/vga_debugger/vga_b[0]_51          |                                           |                4 |             12 |         3.00 |
|  clk_100mhz_IBUF_BUFG        | U11/vga_debugger/vga_b[0]_2           |                                           |                4 |             12 |         3.00 |
|  clk_100mhz_IBUF_BUFG        | U11/vga_debugger/vga_b[0]_23          |                                           |                4 |             12 |         3.00 |
|  clk_100mhz_IBUF_BUFG        | U11/vga_debugger/vga_b[0]_18          |                                           |                4 |             12 |         3.00 |
|  clk_100mhz_IBUF_BUFG        | U11/vga_debugger/vga_b[0]_27          |                                           |                4 |             12 |         3.00 |
|  clk_100mhz_IBUF_BUFG        | U11/vga_debugger/vga_b[0]_25          |                                           |                4 |             12 |         3.00 |
|  clk_100mhz_IBUF_BUFG        | U11/vga_debugger/vga_b[0]_40          |                                           |                4 |             12 |         3.00 |
|  clk_100mhz_IBUF_BUFG        | U11/vga_debugger/vga_b[0]_52          |                                           |                4 |             12 |         3.00 |
|  clk_100mhz_IBUF_BUFG        | U11/vga_debugger/vga_b[0]_53          |                                           |                4 |             12 |         3.00 |
|  clk_100mhz_IBUF_BUFG        | U11/vga_debugger/vga_b[0]_64          |                                           |                4 |             12 |         3.00 |
|  clk_100mhz_IBUF_BUFG        | U11/vga_debugger/vga_b[0]_54          |                                           |                4 |             12 |         3.00 |
|  clk_100mhz_IBUF_BUFG        | U11/vga_debugger/vga_b[0]_55          |                                           |                4 |             12 |         3.00 |
|  clk_100mhz_IBUF_BUFG        | U11/vga_debugger/vga_b[0]_56          |                                           |                4 |             12 |         3.00 |
|  clk_100mhz_IBUF_BUFG        | U11/vga_debugger/vga_b[0]_13          |                                           |                4 |             12 |         3.00 |
|  clk_100mhz_IBUF_BUFG        | U11/vga_debugger/vga_b[0]_17          |                                           |                4 |             12 |         3.00 |
|  clk_100mhz_IBUF_BUFG        | U11/vga_debugger/vga_b[0]_36          |                                           |                4 |             12 |         3.00 |
|  clk_100mhz_IBUF_BUFG        | U11/vga_debugger/vga_b[0]_20          |                                           |                4 |             12 |         3.00 |
|  clk_100mhz_IBUF_BUFG        | U11/vga_debugger/vga_b[0]_21          |                                           |                4 |             12 |         3.00 |
|  clk_100mhz_IBUF_BUFG        | U11/vga_debugger/vga_b[0]_33          |                                           |                4 |             12 |         3.00 |
|  clk_100mhz_IBUF_BUFG        | U11/vga_debugger/vga_b[0]_43          |                                           |                4 |             12 |         3.00 |
|  clk_100mhz_IBUF_BUFG        | U11/vga_debugger/vga_b[0]_31          |                                           |                4 |             12 |         3.00 |
|  clk_100mhz_IBUF_BUFG        | U11/vga_debugger/vga_b[0]_19          |                                           |                4 |             12 |         3.00 |
|  clk_100mhz_IBUF_BUFG        | U11/vga_debugger/vga_b[0]_11          |                                           |                4 |             12 |         3.00 |
|  clk_100mhz_IBUF_BUFG        | U11/vga_debugger/vga_b[0]_16          |                                           |                4 |             12 |         3.00 |
|  clk_100mhz_IBUF_BUFG        | U11/vga_debugger/vga_b[0]_15          |                                           |                4 |             12 |         3.00 |
|  clk_100mhz_IBUF_BUFG        | U11/vga_debugger/vga_b[0]_29          |                                           |                4 |             12 |         3.00 |
|  clk_100mhz_IBUF_BUFG        | U11/vga_debugger/vga_b[0]_37          |                                           |                4 |             12 |         3.00 |
|  clk_100mhz_IBUF_BUFG        | U11/vga_debugger/vga_b[0]_30          |                                           |                4 |             12 |         3.00 |
|  clk_100mhz_IBUF_BUFG        | U11/vga_debugger/vga_b[0]_38          |                                           |                4 |             12 |         3.00 |
|  clk_100mhz_IBUF_BUFG        | U11/vga_debugger/vga_b[0]_35          |                                           |                4 |             12 |         3.00 |
|  clk_100mhz_IBUF_BUFG        | U11/vga_debugger/vga_b[0]_24          |                                           |                4 |             12 |         3.00 |
|  clk_100mhz_IBUF_BUFG        | U11/vga_debugger/vga_b[0]_39          |                                           |                4 |             12 |         3.00 |
|  U8/clkdiv_BUFG[1]           |                                       | U9/rst                                    |                6 |             12 |         2.00 |
|  clk_100mhz_IBUF_BUFG        | U11/vga_debugger/vga_b[0]_4           |                                           |                4 |             12 |         3.00 |
|  clk_100mhz_IBUF_BUFG        | U11/vga_debugger/vga_b[0]_41          |                                           |                4 |             12 |         3.00 |
|  clk_100mhz_IBUF_BUFG        | U11/vga_debugger/vga_b[0]_22          |                                           |                4 |             12 |         3.00 |
|  clk_100mhz_IBUF_BUFG        | U11/vga_debugger/vga_b[0]_8           |                                           |                4 |             12 |         3.00 |
|  clk_100mhz_IBUF_BUFG        | U11/vga_debugger/vga_b[0]_60          |                                           |                4 |             12 |         3.00 |
|  clk_100mhz_IBUF_BUFG        | U11/vga_debugger/vga_b[0]_58          |                                           |                4 |             12 |         3.00 |
|  clk_100mhz_IBUF_BUFG        | U11/vga_debugger/vga_b[0]_59          |                                           |                4 |             12 |         3.00 |
|  clk_100mhz_IBUF_BUFG        | U11/vga_debugger/vga_b[0]_62          |                                           |                4 |             12 |         3.00 |
|  clk_100mhz_IBUF_BUFG        | U11/vga_debugger/vga_b[0]_57          |                                           |                4 |             12 |         3.00 |
|  clk_100mhz_IBUF_BUFG        | U11/vga_debugger/vga_b[0]_6           |                                           |                4 |             12 |         3.00 |
|  clk_100mhz_IBUF_BUFG        | U11/vga_debugger/vga_b[0]_28          |                                           |                4 |             12 |         3.00 |
|  clk_100mhz_IBUF_BUFG        | U11/vga_debugger/vga_b[0]_61          |                                           |                4 |             12 |         3.00 |
|  clk_100mhz_IBUF_BUFG        | U11/vga_debugger/vga_b[0]_9           |                                           |                4 |             12 |         3.00 |
|  clk_100mhz_IBUF_BUFG        | U11/vga_debugger/vga_b[0]_63          |                                           |                4 |             12 |         3.00 |
|  clk_100mhz_IBUF_BUFG        | U11/vga_debugger/vga_b[0]_7           |                                           |                4 |             12 |         3.00 |
|  clk_100mhz_IBUF_BUFG        | U11/vga_debugger/vga_b[0]             |                                           |                4 |             12 |         3.00 |
|  clk_100mhz_IBUF_BUFG        | U11/vga_debugger/vga_b[0]_1           |                                           |                4 |             12 |         3.00 |
|  clk_100mhz_IBUF_BUFG        | U11/vga_debugger/vga_b[0]_10          |                                           |                4 |             12 |         3.00 |
|  clk_100mhz_IBUF_BUFG        | U11/vga_debugger/vga_b[0]_44          |                                           |                4 |             12 |         3.00 |
|  clk_100mhz_IBUF_BUFG        | U11/vga_debugger/vga_b[0]_42          |                                           |                4 |             12 |         3.00 |
|  clk_100mhz_IBUF_BUFG        | U11/vga_debugger/vga_b[0]_32          |                                           |                4 |             12 |         3.00 |
|  clk_100mhz_IBUF_BUFG        | U11/vga_debugger/vga_b[0]_45          |                                           |                4 |             12 |         3.00 |
|  clk_100mhz_IBUF_BUFG        | U11/vga_debugger/vga_b[0]_14          |                                           |                4 |             12 |         3.00 |
|  clk_100mhz_IBUF_BUFG        | U11/vga_debugger/vga_b[0]_34          |                                           |                4 |             12 |         3.00 |
|  clk_100mhz_IBUF_BUFG        | U11/vga_debugger/vga_b[0]_46          |                                           |                4 |             12 |         3.00 |
|  clk_100mhz_IBUF_BUFG        | U11/vga_debugger/vga_b[0]_47          |                                           |                4 |             12 |         3.00 |
| ~U8/Clk_CPU_BUFG             | U7/LED_P2S/buffer[0]_i_1_n_0          |                                           |                3 |             16 |         5.33 |
|  clk_100mhz_IBUF_BUFG        | U9/pulse_out[3]_i_2_n_0               |                                           |                4 |             17 |         4.25 |
|  U8/Clk_CPU_BUFG             | U4/GPIOf0000000_we                    | U9/rst                                    |                8 |             18 |         2.25 |
|  clk_100mhz_IBUF_BUFG        |                                       | U11/vga_debugger/display_addr[11]_i_1_n_0 |                5 |             22 |         4.40 |
|  clk_100mhz_IBUF_BUFG        |                                       |                                           |                9 |             27 |         3.00 |
|  U8/Clk_CPU_BUFG             | U1/U2/Regs_U/register[7][31]_i_1_n_0  | U9/rst                                    |               21 |             32 |         1.52 |
|  U8/Clk_CPU_BUFG             | U1/U2/Regs_U/register[23][31]_i_1_n_0 | U9/rst                                    |               20 |             32 |         1.60 |
|  U8/Clk_CPU_BUFG             | U1/U2/Regs_U/register[9][31]_i_1_n_0  | U9/rst                                    |               21 |             32 |         1.52 |
|  U8/Clk_CPU_BUFG             | U1/U2/Regs_U/register[14][31]_i_1_n_0 | U9/rst                                    |               12 |             32 |         2.67 |
|  U8/Clk_CPU_BUFG             | U1/U2/Regs_U/register[20][31]_i_1_n_0 | U9/rst                                    |               12 |             32 |         2.67 |
|  U8/Clk_CPU_BUFG             | U1/U2/Regs_U/register[8][31]_i_1_n_0  | U9/rst                                    |               14 |             32 |         2.29 |
|  U8/Clk_CPU_BUFG             | U1/U2/Regs_U/register[11][31]_i_1_n_0 | U9/rst                                    |               16 |             32 |         2.00 |
|  U8/Clk_CPU_BUFG             | U1/U2/Regs_U/register[18][31]_i_1_n_0 | U9/rst                                    |               12 |             32 |         2.67 |
|  U8/Clk_CPU_BUFG             | U1/U2/Regs_U/register[10][31]_i_1_n_0 | U9/rst                                    |               16 |             32 |         2.00 |
|  U8/Clk_CPU_BUFG             | U1/U2/Regs_U/register[3][31]_i_1_n_0  | U9/rst                                    |               15 |             32 |         2.13 |
|  U8/Clk_CPU_BUFG             | U1/U2/Regs_U/register[29][31]_i_1_n_0 | U9/rst                                    |               18 |             32 |         1.78 |
|  U8/Clk_CPU_BUFG             | U1/U2/Regs_U/register[2][31]_i_1_n_0  | U9/rst                                    |               11 |             32 |         2.91 |
|  U8/Clk_CPU_BUFG             | U1/U2/Regs_U/register[5][31]_i_1_n_0  | U9/rst                                    |               13 |             32 |         2.46 |
|  U8/Clk_CPU_BUFG             | U1/U2/Regs_U/register[6][31]_i_1_n_0  | U9/rst                                    |               19 |             32 |         1.68 |
|  U8/Clk_CPU_BUFG             | U1/U2/Regs_U/register[12][31]_i_1_n_0 | U9/rst                                    |               12 |             32 |         2.67 |
|  U8/Clk_CPU_BUFG             | U1/U2/Regs_U/register[16][31]_i_1_n_0 | U9/rst                                    |               14 |             32 |         2.29 |
|  U8/Clk_CPU_BUFG             | U1/U2/Regs_U/register[13][31]_i_1_n_0 | U9/rst                                    |               14 |             32 |         2.29 |
|  U8/Clk_CPU_BUFG             | U1/U2/Regs_U/register[31][31]_i_1_n_0 | U9/rst                                    |               23 |             32 |         1.39 |
|  U8/Clk_CPU_BUFG             | U1/U2/Regs_U/register[24][31]_i_1_n_0 | U9/rst                                    |               10 |             32 |         3.20 |
|  U8/Clk_CPU_BUFG             | U1/U2/Regs_U/register[21][31]_i_1_n_0 | U9/rst                                    |               11 |             32 |         2.91 |
|  U8/Clk_CPU_BUFG             | U1/U2/Regs_U/register[25][31]_i_1_n_0 | U9/rst                                    |               18 |             32 |         1.78 |
|  U8/Clk_CPU_BUFG             | U1/U2/Regs_U/register[28][31]_i_1_n_0 | U9/rst                                    |               11 |             32 |         2.91 |
|  U8/Clk_CPU_BUFG             | U1/U2/Regs_U/register[30][31]_i_1_n_0 | U9/rst                                    |               17 |             32 |         1.88 |
|  U8/Clk_CPU_BUFG             | U1/U2/Regs_U/register[22][31]_i_1_n_0 | U9/rst                                    |               19 |             32 |         1.68 |
|  U8/Clk_CPU_BUFG             | U1/U2/Regs_U/register[26][31]_i_1_n_0 | U9/rst                                    |               13 |             32 |         2.46 |
|  U8/Clk_CPU_BUFG             | U1/U2/Regs_U/register[4][31]_i_1_n_0  | U9/rst                                    |               16 |             32 |         2.00 |
|  U8/Clk_CPU_BUFG             |                                       | U9/rst                                    |                8 |             32 |         4.00 |
| ~U8/Clk_CPU_BUFG             | U10/counter0_Lock                     | U9/rst                                    |                9 |             32 |         3.56 |
| ~U8/Clk_CPU_BUFG             | U10/counter1_Lock                     | U9/rst                                    |                8 |             32 |         4.00 |
| ~U8/Clk_CPU_BUFG             | U10/counter2_Lock                     | U9/rst                                    |                8 |             32 |         4.00 |
|  U8/Clk_CPU_BUFG             | U1/U2/Regs_U/register                 | U9/rst                                    |               14 |             32 |         2.29 |
|  U8/clkdiv_BUFG[6]           | U10/counter0[31]                      | U9/rst                                    |               10 |             32 |         3.20 |
|  clk_100mhz_IBUF_BUFG        |                                       | U9/rst                                    |                8 |             32 |         4.00 |
|  clk_100mhz_IBUF_BUFG        | U9/rst_counter[0]_i_1_n_0             | U9/counter[0]_i_1_n_0                     |                8 |             32 |         4.00 |
|  U8/Clk_CPU_BUFG             | U1/U2/Regs_U/register[19][31]_i_1_n_0 | U9/rst                                    |               10 |             32 |         3.20 |
|  clk_100mhz_IBUF_BUFG        | U9/sel                                | U9/counter[0]_i_1_n_0                     |                8 |             32 |         4.00 |
|  U8/Clk_CPU_BUFG             | U1/U2/Regs_U/register[15][31]_i_1_n_0 | U9/rst                                    |               19 |             32 |         1.68 |
|  U8/Clk_CPU_BUFG             | U1/U2/Regs_U/register[27][31]_i_1_n_0 | U9/rst                                    |               13 |             32 |         2.46 |
|  U8/Clk_CPU_BUFG             | U1/U2/Regs_U/register[17][31]_i_1_n_0 | U9/rst                                    |               11 |             32 |         2.91 |
|  U8/clkdiv_BUFG[11]          | U10/counter2[32]_i_1_n_0              | U9/rst                                    |                9 |             33 |         3.67 |
|  U8/clkdiv_BUFG[9]           | U10/counter1[32]_i_1_n_0              | U9/rst                                    |                9 |             33 |         3.67 |
| ~U8/Clk_CPU_BUFG             | U4/GPIOe0000000_we                    |                                           |               36 |             48 |         1.33 |
|  clk_100mhz_IBUF_BUFG        | U6/inst/M2/buffer[0]_i_1_n_0          |                                           |               32 |             64 |         2.00 |
+------------------------------+---------------------------------------+-------------------------------------------+------------------+----------------+--------------+


