#-----------------------------------------------------------
# Vivado v2020.2 (64-bit)
# SW Build 3064766 on Wed Nov 18 09:12:45 MST 2020
# IP Build 3064653 on Wed Nov 18 14:17:31 MST 2020
# Start of session at: Tue May 30 13:31:47 2023
# Process ID: 17848
# Current directory: E:/ComputerOrnazation/lab5_2_3/CSSET
# Command line: vivado.exe -gui_launcher_event rodinguilauncherevent11368 E:\ComputerOrnazation\lab5_2_3\CSSET\CPU_test.xpr
# Log file: E:/ComputerOrnazation/lab5_2_3/CSSET/vivado.log
# Journal file: E:/ComputerOrnazation/lab5_2_3/CSSET\vivado.jou
#-----------------------------------------------------------
start_gui
open_project E:/ComputerOrnazation/lab5_2_3/CSSET/CPU_test.xpr
WARNING: [filemgmt 56-3] IP Repository Path: Could not find the directory 'E:/ComputerOrnazation/lab04'.
WARNING: [filemgmt 56-3] IP Repository Path: Could not find the directory 'E:/IP_yyf_all_right_reserved/LOGIC'.
WARNING: [filemgmt 56-3] IP Repository Path: Could not find the directory 'E:/lab01'.
WARNING: [filemgmt 56-3] IP Repository Path: Could not find the directory 'E:/IP_yyf_all_right_reserved/MUX'.
Scanning sources...
Finished scanning sources
INFO: [IP_Flow 19-234] Refreshing IP repositories
WARNING: [IP_Flow 19-2248] Failed to load user IP repository 'e:/ComputerOrnazation/lab04'; Can't find the specified path.
If this directory should no longer be in your list of user repositories, go to the IP Settings dialog and remove it.
WARNING: [IP_Flow 19-2248] Failed to load user IP repository 'e:/IP_yyf_all_right_reserved/LOGIC'; Can't find the specified path.
If this directory should no longer be in your list of user repositories, go to the IP Settings dialog and remove it.
WARNING: [IP_Flow 19-2248] Failed to load user IP repository 'e:/lab01'; Can't find the specified path.
If this directory should no longer be in your list of user repositories, go to the IP Settings dialog and remove it.
WARNING: [IP_Flow 19-2248] Failed to load user IP repository 'e:/IP_yyf_all_right_reserved/MUX'; Can't find the specified path.
If this directory should no longer be in your list of user repositories, go to the IP Settings dialog and remove it.
INFO: [IP_Flow 19-2313] Loaded Vivado IP repository 'E:/vivado/Vivado/2020.2/data/ip'.
open_project: Time (s): cpu = 00:00:12 ; elapsed = 00:00:05 . Memory (MB): peak = 1111.523 ; gain = 0.000
update_compile_order -fileset sources_1
reset_run synth_1
launch_runs impl_1 -to_step write_bitstream -jobs 8
INFO: [Vivado 12-4149] The synthesis checkpoint for IP 'E:/ComputerOrnazation/lab5_2_3/CSSET/CPU_test.srcs/sources_1/ip/RAM_B_0/RAM_B_0.xci' is already up-to-date
[Tue May 30 13:32:20 2023] Launched synth_1...
Run output will be captured here: E:/ComputerOrnazation/lab5_2_3/CSSET/CPU_test.runs/synth_1/runme.log
[Tue May 30 13:32:20 2023] Launched impl_1...
Run output will be captured here: E:/ComputerOrnazation/lab5_2_3/CSSET/CPU_test.runs/impl_1/runme.log
reset_run synth_1
WARNING: [Vivado 12-1017] Problems encountered:
1. PID not specified

launch_runs impl_1 -to_step write_bitstream -jobs 8
INFO: [Vivado 12-4149] The synthesis checkpoint for IP 'E:/ComputerOrnazation/lab5_2_3/CSSET/CPU_test.srcs/sources_1/ip/RAM_B_0/RAM_B_0.xci' is already up-to-date
[Tue May 30 13:32:24 2023] Launched synth_1...
Run output will be captured here: E:/ComputerOrnazation/lab5_2_3/CSSET/CPU_test.runs/synth_1/runme.log
[Tue May 30 13:32:24 2023] Launched impl_1...
Run output will be captured here: E:/ComputerOrnazation/lab5_2_3/CSSET/CPU_test.runs/impl_1/runme.log
reset_run synth_1
launch_runs impl_1 -to_step write_bitstream -jobs 8
INFO: [Vivado 12-4149] The synthesis checkpoint for IP 'E:/ComputerOrnazation/lab5_2_3/CSSET/CPU_test.srcs/sources_1/ip/RAM_B_0/RAM_B_0.xci' is already up-to-date
[Tue May 30 13:32:29 2023] Launched synth_1...
Run output will be captured here: E:/ComputerOrnazation/lab5_2_3/CSSET/CPU_test.runs/synth_1/runme.log
[Tue May 30 13:32:29 2023] Launched impl_1...
Run output will be captured here: E:/ComputerOrnazation/lab5_2_3/CSSET/CPU_test.runs/impl_1/runme.log
open_run impl_1
INFO: [Device 21-403] Loading part xc7k160tffg676-2L
Netlist sorting complete. Time (s): cpu = 00:00:00 ; elapsed = 00:00:00.068 . Memory (MB): peak = 1372.238 ; gain = 0.000
INFO: [Netlist 29-17] Analyzing 1113 Unisim elements for replacement
INFO: [Netlist 29-28] Unisim Transformation completed in 0 CPU seconds
INFO: [Project 1-479] Netlist was created with Vivado 2020.2
INFO: [Project 1-570] Preparing netlist for logic optimization
INFO: [Timing 38-478] Restoring timing data from binary archive.
INFO: [Timing 38-479] Binary timing data restore complete.
INFO: [Project 1-856] Restoring constraints from binary archive.
INFO: [Project 1-853] Binary constraint restore complete.
Reading XDEF placement.
Reading placer database...
Reading XDEF routing.
Read XDEF File: Time (s): cpu = 00:00:01 ; elapsed = 00:00:00.518 . Memory (MB): peak = 2089.492 ; gain = 0.000
Restored from archive | CPU: 1.000000 secs | Memory: 0.000000 MB |
Finished XDEF File Restore: Time (s): cpu = 00:00:01 ; elapsed = 00:00:00.518 . Memory (MB): peak = 2089.492 ; gain = 0.000
Netlist sorting complete. Time (s): cpu = 00:00:00 ; elapsed = 00:00:00.001 . Memory (MB): peak = 2089.492 ; gain = 0.000
INFO: [Project 1-111] Unisim Transformation Summary:
  A total of 192 instances were transformed.
  RAM64M => RAM64M (RAMD64E(x4)): 128 instances
  RAM64X1D => RAM64X1D (RAMD64E(x2)): 64 instances

open_run: Time (s): cpu = 00:00:26 ; elapsed = 00:00:18 . Memory (MB): peak = 2260.973 ; gain = 1149.449
WARNING: [Timing 38-313] There are no user specified timing constraints. Timing constraints are needed for proper timing analysis.
exit
INFO: [Common 17-206] Exiting Vivado at Tue May 30 13:35:35 2023...
