#-----------------------------------------------------------
# Vivado v2020.2 (64-bit)
# SW Build 3064766 on Wed Nov 18 09:12:45 MST 2020
# IP Build 3064653 on Wed Nov 18 14:17:31 MST 2020
# Start of session at: Tue Apr 25 12:35:03 2023
# Process ID: 28520
# Current directory: E:/ComputerOrnazation/lab2（原版）/OExp02-IP2SOC
# Command line: vivado.exe -gui_launcher_event rodinguilauncherevent27852 E:\ComputerOrnazation\lab2（原版）\OExp02-IP2SOC\OExp02-IP2SOC.xpr
# Log file: E:/ComputerOrnazation/lab2（原版）/OExp02-IP2SOC/vivado.log
# Journal file: E:/ComputerOrnazation/lab2（原版）/OExp02-IP2SOC\vivado.jou
#-----------------------------------------------------------
start_gui
open_project E:/ComputerOrnazation/lab2（原版）/OExp02-IP2SOC/OExp02-IP2SOC.xpr
INFO: [Project 1-313] Project file moved from 'E:/ComputerOrnazation/lab2/OExp02-IP2SOC' since last save.
Scanning sources...
Finished scanning sources
INFO: [IP_Flow 19-234] Refreshing IP repositories
INFO: [IP_Flow 19-1700] Loaded user IP repository 'e:/ComputerOrnazation/lab2（原版）/OExp02-IP2SOC/IP/Supplementary'.
INFO: [IP_Flow 19-2313] Loaded Vivado IP repository 'E:/vivado/Vivado/2020.2/data/ip'.
open_project: Time (s): cpu = 00:00:12 ; elapsed = 00:00:06 . Memory (MB): peak = 1083.734 ; gain = 0.000
update_compile_order -fileset sources_1
exit
INFO: [Common 17-206] Exiting Vivado at Tue Apr 25 12:37:48 2023...
