********************************************************************************
* Unified simulation Tcl App stack trace dump
*
* File: .usf.tcl_error.log (Wed Apr 12 13:18:28 2023)
*
* This file is generated by the unified simulation automation and contains the
* tcl stack trace of error returned by the simulator App for the current run.
*
********************************************************************************
1
    while executing
"catch {file delete -force $ini_file_bak} error_msg"
    (procedure "usf_realign_custom_simmodel_libraries" line 45)
    invoked from within
"usf_realign_custom_simmodel_libraries $file"
    (procedure "usf_xsim_setup_simulation" line 174)
    invoked from within
"usf_xsim_setup_simulation"
    (procedure "tclapp::xilinx::xsim::setup" line 19)
    invoked from within
"tclapp::xilinx::xsim::setup { -simset sim_1 -mode behavioral -run_dir E:/ComputerOrnazation/lab2/OExp02-IP2SOC/OExp02-IP2SOC.sim/sim_1/behav/xsim -int..."
